#
# A fatal error has been detected by the Java Runtime Environment:
#
#  EXCEPTION_ACCESS_VIOLATION (0xc0000005) at pc=0x0000000060a58f04, pid=5672, tid=0x00000000000010d0
#
# JRE version: Java(TM) SE Runtime Environment (8.0_102-b14) (build 1.8.0_102-b14)
# Java VM: Java HotSpot(TM) 64-Bit Server VM (25.102-b14 mixed mode windows-amd64 compressed oops)
# Problematic frame:
# V  [jvm.dll+0x148f04]
#
# Failed to write core dump. Minidumps are not enabled by default on client versions of Windows
#
# If you would like to submit a bug report, please visit:
#   http://bugreport.java.com/bugreport/crash.jsp
#

---------------  T H R E A D  ---------------

Current thread (0x000000001b9b2000):  JavaThread "JavaFX Application Thread" [_thread_in_vm, id=4304, stack(0x000000001c7a0000,0x000000001c8a0000)]

siginfo: ExceptionCode=0xc0000005, reading address 0x0000000000000024

Registers:
RAX=0x000000001b9c4f40, RBX=0x000000001b9b8890, RCX=0x000000001c89b230, RDX=0x0000000000000000
RSP=0x000000001c89b1c0, RBP=0x000000001c89b2c0, RSI=0x00000000192e0088, RDI=0x0000000000000000
R8 =0x000000001b947788, R9 =0x0000000000000001, R10=0x0000000000000000, R11=0x0000000000000246
R12=0x000000001b9bbdb0, R13=0x000000001b9b2000, R14=0x0000000019c814e0, R15=0x000000001c89b380
RIP=0x0000000060a58f04, EFLAGS=0x0000000000010297

Top of Stack: (sp=0x000000001c89b1c0)
0x000000001c89b1c0:   000000001b9b2000 00007ffb677e1917
0x000000001c89b1d0:   0000000080000000 0000000061781780
0x000000001c89b1e0:   0000000000000000 0000000080000000
0x000000001c89b1f0:   0000000000000002 00000000192e0088
0x000000001c89b200:   000000001b9b2000 0000000019c818c8
0x000000001c89b210:   000000001c89b3b0 00000000000003d8
0x000000001c89b220:   0000000019c81560 000000001b9b21f8
0x000000001c89b230:   0000000000000000 000000001c89b340
0x000000001c89b240:   0000000000000001 0000000000000001
0x000000001c89b250:   0000000000000000 0000000000000000
0x000000001c89b260:   0000000000000000 00007ffb677f5e97
0x000000001c89b270:   0000000000000000 000000001b9af560
0x000000001c89b280:   0000000000000000 0000000000000000
0x000000001c89b290:   0000000061781780 0000000000000000
0x000000001c89b2a0:   0000000000000000 0000000000000000
0x000000001c89b2b0:   0000000000000000 00007ffb67860100 

Instructions: (pc=0x0000000060a58f04)
0x0000000060a58ee4:   48 63 0b 8d 41 01 89 03 48 8b 43 18 48 89 34 c8
0x0000000060a58ef4:   eb 05 48 89 7c 24 40 48 8b 56 08 48 8d 4c 24 70
0x0000000060a58f04:   0f b7 42 24 48 8b 52 08 48 8b 54 c2 50 e8 7a ce
0x0000000060a58f14:   0e 00 4c 8d 1d 3b c2 4a 00 48 8d 54 24 38 48 8d 


Register to memory mapping:

RAX=0x000000001b9c4f40 is an unknown value
RBX=0x000000001b9b8890 is an unknown value
RCX=0x000000001c89b230 is pointing into the stack for thread: 0x000000001b9b2000
RDX=0x0000000000000000 is an unknown value
RSP=0x000000001c89b1c0 is pointing into the stack for thread: 0x000000001b9b2000
RBP=0x000000001c89b2c0 is pointing into the stack for thread: 0x000000001b9b2000
RSI=0x00000000192e0088 is pointing into metadata
RDI=0x0000000000000000 is an unknown value
R8 =0x000000001b947788 is a global jni handle
R9 =0x0000000000000001 is an unknown value
R10=0x0000000000000000 is an unknown value
R11=0x0000000000000246 is an unknown value
R12=0x000000001b9bbdb0 is an unknown value
R13=0x000000001b9b2000 is a thread
R14=0x0000000019c814e0 is an unknown value
R15=0x000000001c89b380 is pointing into the stack for thread: 0x000000001b9b2000


Stack: [0x000000001c7a0000,0x000000001c8a0000],  sp=0x000000001c89b1c0,  free space=1004k
Native frames: (J=compiled Java code, j=interpreted, Vv=VM code, C=native code)
V  [jvm.dll+0x148f04]
V  [jvm.dll+0x14eb58]
C  [glass.dll+0x4cac]
C  [glass.dll+0x18fed]
C  [glass.dll+0x18bd9]
C  [glass.dll+0xa1f5]
C  [glass.dll+0x17e8]
C  [USER32.dll+0x11c24]
C  [USER32.dll+0x1125e]
C  [USER32.dll+0x10ff5]
C  [glass.dll+0x192b0]
C  0x0000000002bd7f54

Java frames: (J=compiled Java code, j=interpreted, Vv=VM code)
j  com.sun.glass.ui.win.WinView._enterFullscreen(JZZZ)Z+0
j  com.sun.glass.ui.View.enterFullscreen(ZZZ)Z+15
j  com.sun.javafx.tk.quantum.WindowStage.applyFullScreen()V+77
j  com.sun.javafx.tk.quantum.WindowStage.setFullScreen(Z)V+50
j  javafx.stage.Stage.impl_visibleChanged(Z)V+43
j  javafx.stage.Window$9.invalidated()V+566
j  javafx.beans.property.BooleanPropertyBase.markInvalid()V+13
j  javafx.beans.property.BooleanPropertyBase.set(Z)V+106
j  javafx.stage.Window.setShowing(Z)V+11
j  javafx.stage.Window.show()V+2
j  javafx.stage.Stage.show()V+1
j  spacebeatz.MenuController.resumeButtonListener()V+4
v  ~StubRoutines::call_stub
j  sun.reflect.NativeMethodAccessorImpl.invoke0(Ljava/lang/reflect/Method;Ljava/lang/Object;[Ljava/lang/Object;)Ljava/lang/Object;+0
j  sun.reflect.NativeMethodAccessorImpl.invoke(Ljava/lang/Object;[Ljava/lang/Object;)Ljava/lang/Object;+100
J 1096 C1 sun.reflect.DelegatingMethodAccessorImpl.invoke(Ljava/lang/Object;[Ljava/lang/Object;)Ljava/lang/Object; (10 bytes) @ 0x0000000002f8e24c [0x0000000002f8e140+0x10c]
J 1095 C1 java.lang.reflect.Method.invoke(Ljava/lang/Object;[Ljava/lang/Object;)Ljava/lang/Object; (62 bytes) @ 0x0000000002f91cf4 [0x0000000002f91900+0x3f4]
j  sun.reflect.misc.Trampoline.invoke(Ljava/lang/reflect/Method;Ljava/lang/Object;[Ljava/lang/Object;)Ljava/lang/Object;+7
j  sun.reflect.GeneratedMethodAccessor1.invoke(Ljava/lang/Object;[Ljava/lang/Object;)Ljava/lang/Object;+40
J 1096 C1 sun.reflect.DelegatingMethodAccessorImpl.invoke(Ljava/lang/Object;[Ljava/lang/Object;)Ljava/lang/Object; (10 bytes) @ 0x0000000002f8e24c [0x0000000002f8e140+0x10c]
J 1095 C1 java.lang.reflect.Method.invoke(Ljava/lang/Object;[Ljava/lang/Object;)Ljava/lang/Object; (62 bytes) @ 0x0000000002f91cf4 [0x0000000002f91900+0x3f4]
j  sun.reflect.misc.MethodUtil.invoke(Ljava/lang/reflect/Method;Ljava/lang/Object;[Ljava/lang/Object;)Ljava/lang/Object;+20
j  javafx.fxml.FXMLLoader$MethodHandler.invoke([Ljava/lang/Object;)V+38
j  javafx.fxml.FXMLLoader$ControllerMethodEventHandler.handle(Ljavafx/event/Event;)V+12
j  com.sun.javafx.event.CompositeEventHandler.dispatchBubblingEvent(Ljavafx/event/Event;)V+51
J 1612 C1 com.sun.javafx.event.EventHandlerManager.dispatchBubblingEvent(Ljavafx/event/Event;)Ljavafx/event/Event; (23 bytes) @ 0x00000000030b8ba4 [0x00000000030b8520+0x684]
J 1611 C1 com.sun.javafx.event.CompositeEventDispatcher.dispatchBubblingEvent(Ljavafx/event/Event;)Ljavafx/event/Event; (35 bytes) @ 0x00000000030b951c [0x00000000030b9360+0x1bc]
J 1542 C1 com.sun.javafx.event.BasicEventDispatcher.dispatchEvent(Ljavafx/event/Event;Ljavafx/event/EventDispatchChain;)Ljavafx/event/Event; (44 bytes) @ 0x000000000309cdfc [0x000000000309cac0+0x33c]
J 1397 C1 com.sun.javafx.event.EventDispatchChainImpl.dispatchEvent(Ljavafx/event/Event;)Ljavafx/event/Event; (101 bytes) @ 0x000000000304943c [0x0000000003049280+0x1bc]
J 1542 C1 com.sun.javafx.event.BasicEventDispatcher.dispatchEvent(Ljavafx/event/Event;Ljavafx/event/EventDispatchChain;)Ljavafx/event/Event; (44 bytes) @ 0x000000000309cd14 [0x000000000309cac0+0x254]
J 1397 C1 com.sun.javafx.event.EventDispatchChainImpl.dispatchEvent(Ljavafx/event/Event;)Ljavafx/event/Event; (101 bytes) @ 0x000000000304943c [0x0000000003049280+0x1bc]
J 1542 C1 com.sun.javafx.event.BasicEventDispatcher.dispatchEvent(Ljavafx/event/Event;Ljavafx/event/EventDispatchChain;)Ljavafx/event/Event; (44 bytes) @ 0x000000000309cd14 [0x000000000309cac0+0x254]
J 1397 C1 com.sun.javafx.event.EventDispatchChainImpl.dispatchEvent(Ljavafx/event/Event;)Ljavafx/event/Event; (101 bytes) @ 0x000000000304943c [0x0000000003049280+0x1bc]
J 2921 C1 com.sun.javafx.event.EventUtil.fireEvent(Ljavafx/event/EventTarget;Ljavafx/event/Event;)Ljavafx/event/Event; (81 bytes) @ 0x00000000034a27ec [0x00000000034a1c20+0xbcc]
j  javafx.event.Event.fireEvent(Ljavafx/event/EventTarget;Ljavafx/event/Event;)V+30
j  javafx.scene.Node.fireEvent(Ljavafx/event/Event;)V+86
j  javafx.scene.control.Button.fire()V+15
j  com.sun.javafx.scene.control.behavior.ButtonBehavior.mouseReleased(Ljavafx/scene/input/MouseEvent;)V+23
j  com.sun.javafx.scene.control.skin.BehaviorSkinBase$1.handle(Ljavafx/scene/input/MouseEvent;)V+83
j  com.sun.javafx.scene.control.skin.BehaviorSkinBase$1.handle(Ljavafx/event/Event;)V+5
j  com.sun.javafx.event.CompositeEventHandler$NormalEventHandlerRecord.handleBubblingEvent(Ljavafx/event/Event;)V+5
j  com.sun.javafx.event.CompositeEventHandler.dispatchBubblingEvent(Ljavafx/event/Event;)V+28
J 1612 C1 com.sun.javafx.event.EventHandlerManager.dispatchBubblingEvent(Ljavafx/event/Event;)Ljavafx/event/Event; (23 bytes) @ 0x00000000030b8ba4 [0x00000000030b8520+0x684]
J 1611 C1 com.sun.javafx.event.CompositeEventDispatcher.dispatchBubblingEvent(Ljavafx/event/Event;)Ljavafx/event/Event; (35 bytes) @ 0x00000000030b951c [0x00000000030b9360+0x1bc]
J 1542 C1 com.sun.javafx.event.BasicEventDispatcher.dispatchEvent(Ljavafx/event/Event;Ljavafx/event/EventDispatchChain;)Ljavafx/event/Event; (44 bytes) @ 0x000000000309cdfc [0x000000000309cac0+0x33c]
J 1397 C1 com.sun.javafx.event.EventDispatchChainImpl.dispatchEvent(Ljavafx/event/Event;)Ljavafx/event/Event; (101 bytes) @ 0x000000000304943c [0x0000000003049280+0x1bc]
J 1542 C1 com.sun.javafx.event.BasicEventDispatcher.dispatchEvent(Ljavafx/event/Event;Ljavafx/event/EventDispatchChain;)Ljavafx/event/Event; (44 bytes) @ 0x000000000309cd14 [0x000000000309cac0+0x254]
J 1397 C1 com.sun.javafx.event.EventDispatchChainImpl.dispatchEvent(Ljavafx/event/Event;)Ljavafx/event/Event; (101 bytes) @ 0x000000000304943c [0x0000000003049280+0x1bc]
J 1542 C1 com.sun.javafx.event.BasicEventDispatcher.dispatchEvent(Ljavafx/event/Event;Ljavafx/event/EventDispatchChain;)Ljavafx/event/Event; (44 bytes) @ 0x000000000309cd14 [0x000000000309cac0+0x254]
J 1397 C1 com.sun.javafx.event.EventDispatchChainImpl.dispatchEvent(Ljavafx/event/Event;)Ljavafx/event/Event; (101 bytes) @ 0x000000000304943c [0x0000000003049280+0x1bc]
J 2921 C1 com.sun.javafx.event.EventUtil.fireEvent(Ljavafx/event/EventTarget;Ljavafx/event/Event;)Ljavafx/event/Event; (81 bytes) @ 0x00000000034a2354 [0x00000000034a1c20+0x734]
J 2316 C1 javafx.scene.Scene$MouseHandler.process(Ljavafx/scene/input/MouseEvent;Z)V (735 bytes) @ 0x0000000003290b9c [0x000000000328e060+0x2b3c]
J 2315 C1 javafx.scene.Scene$MouseHandler.access$1500(Ljavafx/scene/Scene$MouseHandler;Ljavafx/scene/input/MouseEvent;Z)V (7 bytes) @ 0x000000000328b1dc [0x000000000328b180+0x5c]
j  javafx.scene.Scene.impl_processMouseEvent(Ljavafx/scene/input/MouseEvent;)V+6
j  javafx.scene.Scene$ScenePeerListener.mouseEvent(Ljavafx/event/EventType;DDDDLjavafx/scene/input/MouseButton;ZZZZZZZZZ)V+46
j  com.sun.javafx.tk.quantum.GlassViewEventHandler$MouseEventNotification.run()Ljava/lang/Void;+514
J 2929 C1 com.sun.javafx.tk.quantum.GlassViewEventHandler$MouseEventNotification.run()Ljava/lang/Object; (5 bytes) @ 0x0000000002cde0cc [0x0000000002cde040+0x8c]
v  ~StubRoutines::call_stub
J 1393  java.security.AccessController.doPrivileged(Ljava/security/PrivilegedAction;Ljava/security/AccessControlContext;)Ljava/lang/Object; (0 bytes) @ 0x0000000003047a66 [0x0000000003047a00+0x66]
j  com.sun.javafx.tk.quantum.GlassViewEventHandler.lambda$handleMouseEvent$354()Ljava/lang/Void;+11
j  com.sun.javafx.tk.quantum.GlassViewEventHandler$$Lambda$190.get()Ljava/lang/Object;+4
J 2335 C1 com.sun.javafx.tk.quantum.QuantumToolkit.runWithoutRenderLock(Ljava/util/function/Supplier;)Ljava/lang/Object; (49 bytes) @ 0x00000000032afde4 [0x00000000032af8a0+0x544]
j  com.sun.javafx.tk.quantum.GlassViewEventHandler.handleMouseEvent(Lcom/sun/glass/ui/View;JIIIIIIIZZ)V+103
J 2927 C1 com.sun.glass.ui.View.notifyMouse(IIIIIIIZZ)V (221 bytes) @ 0x00000000034b7e54 [0x00000000034b6d60+0x10f4]
v  ~StubRoutines::call_stub
j  com.sun.glass.ui.win.WinApplication._runLoop(Ljava/lang/Runnable;)V+0
j  com.sun.glass.ui.win.WinApplication.lambda$null$148(ILjava/lang/Runnable;)V+8
j  com.sun.glass.ui.win.WinApplication$$Lambda$38.run()V+12
j  java.lang.Thread.run()V+11
v  ~StubRoutines::call_stub

---------------  P R O C E S S  ---------------

Java Threads: ( => current thread )
  0x000000001c446800 JavaThread "Timer-1" daemon [_thread_blocked, id=5800, stack(0x000000002ec10000,0x000000002ed10000)]
  0x000000001c447800 JavaThread "JFXMedia Player EventQueueThread" daemon [_thread_blocked, id=9496, stack(0x000000002e710000,0x000000002e810000)]
  0x000000001c05a800 JavaThread "Media Resource Disposer" daemon [_thread_blocked, id=8036, stack(0x0000000027140000,0x0000000027240000)]
  0x000000001c1ad800 JavaThread "Prism Font Disposer" daemon [_thread_blocked, id=8872, stack(0x0000000023c20000,0x0000000023d20000)]
  0x000000001c10c800 JavaThread "JFXMedia Player EventQueueThread" daemon [_thread_blocked, id=7248, stack(0x0000000022cf0000,0x0000000022df0000)]
  0x000000001bf07000 JavaThread "Thread-3" daemon [_thread_in_native, id=1040, stack(0x0000000020e30000,0x0000000020f30000)]
  0x000000001bf01800 JavaThread "JavaFX-Launcher" [_thread_blocked, id=8740, stack(0x0000000020f30000,0x0000000021030000)]
=>0x000000001b9b2000 JavaThread "JavaFX Application Thread" [_thread_in_vm, id=4304, stack(0x000000001c7a0000,0x000000001c8a0000)]
  0x000000001b99e000 JavaThread "Thread-1" daemon [_thread_blocked, id=9596, stack(0x000000001c6a0000,0x000000001c7a0000)]
  0x000000001b98d800 JavaThread "QuantumRenderer-0" daemon [_thread_blocked, id=3692, stack(0x000000001bbd0000,0x000000001bcd0000)]
  0x000000001b5fa800 JavaThread "Service Thread" daemon [_thread_blocked, id=5460, stack(0x000000001b9d0000,0x000000001bad0000)]
  0x0000000019c7f800 JavaThread "C1 CompilerThread2" daemon [_thread_blocked, id=5644, stack(0x000000001b4d0000,0x000000001b5d0000)]
  0x0000000019c7a800 JavaThread "C2 CompilerThread1" daemon [_thread_blocked, id=8952, stack(0x000000001b3d0000,0x000000001b4d0000)]
  0x0000000019c89800 JavaThread "C2 CompilerThread0" daemon [_thread_blocked, id=3116, stack(0x000000001b2d0000,0x000000001b3d0000)]
  0x0000000019c88800 JavaThread "Attach Listener" daemon [_thread_blocked, id=1640, stack(0x000000001b1d0000,0x000000001b2d0000)]
  0x0000000019c87000 JavaThread "Signal Dispatcher" daemon [_thread_blocked, id=8252, stack(0x000000001b0d0000,0x000000001b1d0000)]
  0x0000000019c68800 JavaThread "Finalizer" daemon [_thread_blocked, id=10136, stack(0x000000001aee0000,0x000000001afe0000)]
  0x0000000002bb4000 JavaThread "Reference Handler" daemon [_thread_blocked, id=7908, stack(0x000000001ade0000,0x000000001aee0000)]
  0x0000000002ac1000 JavaThread "main" [_thread_blocked, id=7844, stack(0x00000000029c0000,0x0000000002ac0000)]

Other Threads:
  0x0000000019c46800 VMThread [stack: 0x000000001ace0000,0x000000001ade0000] [id=2088]
  0x000000001b639000 WatcherThread [stack: 0x000000001bad0000,0x000000001bbd0000] [id=4992]

VM state:not at safepoint (normal execution)

VM Mutex/Monitor currently owned by a thread: None

Heap:
 PSYoungGen      total 57344K, used 39030K [0x0000000780700000, 0x0000000784700000, 0x00000007c0000000)
  eden space 49152K, 62% used [0x0000000780700000,0x0000000782523470,0x0000000783700000)
  from space 8192K, 99% used [0x0000000783f00000,0x00000007846fa580,0x0000000784700000)
  to   space 8192K, 0% used [0x0000000783700000,0x0000000783700000,0x0000000783f00000)
 ParOldGen       total 131072K, used 17246K [0x0000000701400000, 0x0000000709400000, 0x0000000780700000)
  object space 131072K, 13% used [0x0000000701400000,0x00000007024d7ac0,0x0000000709400000)
 Metaspace       used 17706K, capacity 18448K, committed 18688K, reserved 1064960K
  class space    used 2301K, capacity 2503K, committed 2560K, reserved 1048576K

Card table byte_map: [0x0000000011f80000,0x0000000012580000] byte_map_base: 0x000000000e776000

Marking Bits: (ParMarkBitMap*) 0x000000006112a6c0
 Begin Bits: [0x0000000012d80000, 0x0000000015d30000)
 End Bits:   [0x0000000015d30000, 0x0000000018ce0000)

Polling page: 0x0000000002720000

CodeCache: size=245760Kb used=9267Kb max_used=9267Kb free=236492Kb
 bounds [0x0000000002bc0000, 0x00000000034e0000, 0x0000000011bc0000]
 total_blobs=3612 nmethods=2934 adapters=589
 compilation: enabled

Compilation events (10 events):
Event: 13.821 Thread 0x0000000019c89800 nmethod 2950 0x00000000034ce390 code [0x00000000034ce660, 0x00000000034d1600]
Event: 13.855 Thread 0x0000000019c7f800 2953       3       javafx.beans.property.BooleanPropertyBase::set (110 bytes)
Event: 13.858 Thread 0x0000000019c7f800 nmethod 2953 0x00000000034cbe50 code [0x00000000034cc160, 0x00000000034cda58]
Event: 13.858 Thread 0x0000000019c7f800 2954       1       javafx.scene.layout.Region::getUserAgentStylesheet (2 bytes)
Event: 13.858 Thread 0x0000000019c7f800 nmethod 2954 0x00000000034bda10 code [0x00000000034bdb60, 0x00000000034bdc70]
Event: 13.861 Thread 0x0000000019c7f800 2955       3       com.sun.javafx.css.CascadingStyle::<init> (42 bytes)
Event: 13.862 Thread 0x0000000019c7f800 nmethod 2955 0x00000000034c3890 code [0x00000000034c3a00, 0x00000000034c3e08]
Event: 13.862 Thread 0x0000000019c7f800 2956       3       java.util.ArrayList::subListRangeCheck (110 bytes)
Event: 13.862 Thread 0x0000000019c7f800 nmethod 2956 0x00000000034c9650 code [0x00000000034c9980, 0x00000000034cb2c8]
Event: 13.878 Thread 0x0000000019c7f800 2957       3       javafx.scene.Node::processCSS (104 bytes)

GC Heap History (4 events):
Event: 0.928 GC heap before
{Heap before GC invocations=1 (full 0):
 PSYoungGen      total 57344K, used 49152K [0x0000000780700000, 0x0000000784700000, 0x00000007c0000000)
  eden space 49152K, 100% used [0x0000000780700000,0x0000000783700000,0x0000000783700000)
  from space 8192K, 0% used [0x0000000783f00000,0x0000000783f00000,0x0000000784700000)
  to   space 8192K, 0% used [0x0000000783700000,0x0000000783700000,0x0000000783f00000)
 ParOldGen       total 131072K, used 0K [0x0000000701400000, 0x0000000709400000, 0x0000000780700000)
  object space 131072K, 0% used [0x0000000701400000,0x0000000701400000,0x0000000709400000)
 Metaspace       used 12401K, capacity 12748K, committed 12800K, reserved 1060864K
  class space    used 1619K, capacity 1740K, committed 1792K, reserved 1048576K
Event: 0.936 GC heap after
Heap after GC invocations=1 (full 0):
 PSYoungGen      total 57344K, used 8175K [0x0000000780700000, 0x0000000784700000, 0x00000007c0000000)
  eden space 49152K, 0% used [0x0000000780700000,0x0000000780700000,0x0000000783700000)
  from space 8192K, 99% used [0x0000000783700000,0x0000000783efbdd0,0x0000000783f00000)
  to   space 8192K, 0% used [0x0000000783f00000,0x0000000783f00000,0x0000000784700000)
 ParOldGen       total 131072K, used 12916K [0x0000000701400000, 0x0000000709400000, 0x0000000780700000)
  object space 131072K, 9% used [0x0000000701400000,0x000000070209d380,0x0000000709400000)
 Metaspace       used 12401K, capacity 12748K, committed 12800K, reserved 1060864K
  class space    used 1619K, capacity 1740K, committed 1792K, reserved 1048576K
}
Event: 6.942 GC heap before
{Heap before GC invocations=2 (full 0):
 PSYoungGen      total 57344K, used 55517K [0x0000000780700000, 0x0000000784700000, 0x00000007c0000000)
  eden space 49152K, 96% used [0x0000000780700000,0x000000078353b718,0x0000000783700000)
  from space 8192K, 99% used [0x0000000783700000,0x0000000783efbdd0,0x0000000783f00000)
  to   space 8192K, 0% used [0x0000000783f00000,0x0000000783f00000,0x0000000784700000)
 ParOldGen       total 131072K, used 12916K [0x0000000701400000, 0x0000000709400000, 0x0000000780700000)
  object space 131072K, 9% used [0x0000000701400000,0x000000070209d380,0x0000000709400000)
 Metaspace       used 16822K, capacity 17516K, committed 17664K, reserved 1064960K
  class space    used 2256K, capacity 2458K, committed 2560K, reserved 1048576K
Event: 6.949 GC heap after
Heap after GC invocations=2 (full 0):
 PSYoungGen      total 57344K, used 8169K [0x0000000780700000, 0x0000000784700000, 0x00000007c0000000)
  eden space 49152K, 0% used [0x0000000780700000,0x0000000780700000,0x0000000783700000)
  from space 8192K, 99% used [0x0000000783f00000,0x00000007846fa580,0x0000000784700000)
  to   space 8192K, 0% used [0x0000000783700000,0x0000000783700000,0x0000000783f00000)
 ParOldGen       total 131072K, used 17246K [0x0000000701400000, 0x0000000709400000, 0x0000000780700000)
  object space 131072K, 13% used [0x0000000701400000,0x00000007024d7ac0,0x0000000709400000)
 Metaspace       used 16822K, capacity 17516K, committed 17664K, reserved 1064960K
  class space    used 2256K, capacity 2458K, committed 2560K, reserved 1048576K
}

Deoptimization events (10 events):
Event: 6.638 Thread 0x000000001b9b2000 Uncommon trap: reason=class_check action=maybe_recompile pc=0x0000000002e19144 method=java.io.SequenceInputStream.read()I @ 11
Event: 6.638 Thread 0x000000001b9b2000 Uncommon trap: reason=class_check action=maybe_recompile pc=0x0000000002e21074 method=java.io.SequenceInputStream.read([BII)I @ 58
Event: 6.638 Thread 0x000000001b9b2000 Uncommon trap: reason=class_check action=maybe_recompile pc=0x0000000002e21074 method=java.io.SequenceInputStream.read([BII)I @ 58
Event: 6.638 Thread 0x000000001b9b2000 Uncommon trap: reason=class_check action=maybe_recompile pc=0x0000000002e21074 method=java.io.SequenceInputStream.read([BII)I @ 58
Event: 6.668 Thread 0x000000001b9b2000 Uncommon trap: reason=unstable_if action=reinterpret pc=0x0000000002e1eb78 method=com.sun.javafx.image.impl.ByteBgra$ToByteBgraPreConv.doConvert([BII[BIIII)V @ 75
Event: 6.668 Thread 0x000000001b9b2000 Uncommon trap: reason=unstable_if action=reinterpret pc=0x0000000002e33b60 method=com.sun.javafx.image.impl.ByteBgra$ToByteBgraPreConv.doConvert([BII[BIIII)V @ 75
Event: 7.102 Thread 0x000000001b9b2000 Uncommon trap: reason=unstable_if action=reinterpret pc=0x00000000031931dc method=java.lang.StrictMath.floorOrCeil(DDDD)D @ 38
Event: 12.692 Thread 0x000000001b9b2000 Uncommon trap: reason=unstable_if action=reinterpret pc=0x00000000034536b4 method=com.sun.javafx.sg.prism.GrowableDataBuffer.putObject(Ljava/lang/Object;)V @ 9
Event: 12.693 Thread 0x000000001b9b2000 Uncommon trap: reason=unstable_if action=reinterpret pc=0x00000000032f1260 method=com.sun.javafx.sg.prism.GrowableDataBuffer.ensureWriteCapacity(I)V @ 11
Event: 12.704 Thread 0x000000001b9b2000 Uncommon trap: reason=unstable_if action=reinterpret pc=0x000000000341e954 method=javafx.scene.canvas.GraphicsContext.updateTransform()V @ 4

Internal exceptions (10 events):
Event: 0.148 Thread 0x0000000002ac1000 Exception <a 'java/lang/NullPointerException'> (0x0000000780a11970) thrown at [C:\re\workspace\8-2-build-windows-amd64-cygwin\jdk8u102\7268\hotspot\src\share\vm\interpreter\linkResolver.cpp, line 1178]
Event: 0.379 Thread 0x000000001b9b2000 Exception <a 'java/lang/NullPointerException'> (0x00000007814ae740) thrown at [C:\re\workspace\8-2-build-windows-amd64-cygwin\jdk8u102\7268\hotspot\src\share\vm\interpreter\linkResolver.cpp, line 1178]
Event: 0.379 Thread 0x000000001b9b2000 Exception <a 'java/lang/NullPointerException'> (0x00000007814ae740) thrown at [C:\re\workspace\8-2-build-windows-amd64-cygwin\jdk8u102\7268\hotspot\src\share\vm\prims\jvm.cpp, line 1390]
Event: 0.437 Thread 0x000000001b9b2000 Exception <a 'java/lang/ArrayIndexOutOfBoundsException': 58> (0x0000000781660630) thrown at [C:\re\workspace\8-2-build-windows-amd64-cygwin\jdk8u102\7268\hotspot\src\share\vm\interpreter\interpreterRuntime.cpp, line 366]
Event: 0.438 Thread 0x000000001b9b2000 Exception <a 'java/lang/ArrayIndexOutOfBoundsException': 18> (0x00000007816614b8) thrown at [C:\re\workspace\8-2-build-windows-amd64-cygwin\jdk8u102\7268\hotspot\src\share\vm\interpreter\interpreterRuntime.cpp, line 366]
Event: 0.438 Thread 0x000000001b9b2000 Exception <a 'java/lang/ArrayIndexOutOfBoundsException': 86> (0x0000000781662860) thrown at [C:\re\workspace\8-2-build-windows-amd64-cygwin\jdk8u102\7268\hotspot\src\share\vm\interpreter\interpreterRuntime.cpp, line 366]
Event: 0.865 Thread 0x000000001b9b2000 Implicit null exception at 0x0000000002ea9e96 to 0x0000000002eaa249
Event: 0.865 Thread 0x000000001b9b2000 Implicit null exception at 0x0000000002dd55d6 to 0x0000000002dd5985
Event: 0.981 Thread 0x000000001b9b2000 Implicit null exception at 0x0000000002ebf575 to 0x0000000002ebf7a1
Event: 0.981 Thread 0x000000001b9b2000 Implicit null exception at 0x0000000002f074bb to 0x0000000002f07e61

Events (10 events):
Event: 12.691 Thread 0x0000000019c7f800 flushing nmethod 0x0000000002d9ad90
Event: 12.692 Thread 0x000000001b9b2000 Uncommon trap: trap_request=0xffffff65 fr.pc=0x00000000034536b4
Event: 12.692 Thread 0x000000001b9b2000 DEOPT PACKING pc=0x00000000034536b4 sp=0x000000001c89d540
Event: 12.692 Thread 0x000000001b9b2000 DEOPT UNPACKING pc=0x0000000002c0582a sp=0x000000001c89d4c0 mode 2
Event: 12.693 Thread 0x000000001b9b2000 Uncommon trap: trap_request=0xffffff65 fr.pc=0x00000000032f1260
Event: 12.693 Thread 0x000000001b9b2000 DEOPT PACKING pc=0x00000000032f1260 sp=0x000000001c89d400
Event: 12.693 Thread 0x000000001b9b2000 DEOPT UNPACKING pc=0x0000000002c0582a sp=0x000000001c89d330 mode 2
Event: 12.704 Thread 0x000000001b9b2000 Uncommon trap: trap_request=0xffffff65 fr.pc=0x000000000341e954
Event: 12.704 Thread 0x000000001b9b2000 DEOPT PACKING pc=0x000000000341e954 sp=0x000000001c89d4d0
Event: 12.704 Thread 0x000000001b9b2000 DEOPT UNPACKING pc=0x0000000002c0582a sp=0x000000001c89d468 mode 2


Dynamic libraries:
0x00007ff6d3450000 - 0x00007ff6d3487000 	C:\Program Files\Java\jdk1.8.0_102\jre\bin\java.exe
0x00007ffb67af0000 - 0x00007ffb67cc1000 	C:\WINDOWS\SYSTEM32\ntdll.dll
0x00007ffb656c0000 - 0x00007ffb6576b000 	C:\WINDOWS\System32\KERNEL32.DLL
0x00007ffb645f0000 - 0x00007ffb6480d000 	C:\WINDOWS\System32\KERNELBASE.dll
0x00007ffb65b50000 - 0x00007ffb65bf2000 	C:\WINDOWS\System32\ADVAPI32.dll
0x00007ffb659d0000 - 0x00007ffb65a6e000 	C:\WINDOWS\System32\msvcrt.dll
0x00007ffb65970000 - 0x00007ffb659c9000 	C:\WINDOWS\System32\sechost.dll
0x00007ffb65c00000 - 0x00007ffb65d21000 	C:\WINDOWS\System32\RPCRT4.dll
0x00007ffb677d0000 - 0x00007ffb67935000 	C:\WINDOWS\System32\USER32.dll
0x00007ffb641a0000 - 0x00007ffb641be000 	C:\WINDOWS\System32\win32u.dll
0x00007ffb65080000 - 0x00007ffb650b4000 	C:\WINDOWS\System32\GDI32.dll
0x00007ffb64ef0000 - 0x00007ffb65072000 	C:\WINDOWS\System32\gdi32full.dll
0x00007ffb5a800000 - 0x00007ffb5aa79000 	C:\WINDOWS\WinSxS\amd64_microsoft.windows.common-controls_6595b64144ccf1df_6.0.14393.447_none_42191651c6827bb3\COMCTL32.dll
0x00007ffb65e00000 - 0x00007ffb660c7000 	C:\WINDOWS\System32\combase.dll
0x00007ffb644f0000 - 0x00007ffb645e5000 	C:\WINDOWS\System32\ucrtbase.dll
0x00007ffb64080000 - 0x00007ffb640ea000 	C:\WINDOWS\System32\bcryptPrimitives.dll
0x00007ffb657e0000 - 0x00007ffb6580e000 	C:\WINDOWS\System32\IMM32.DLL
0x00007ffb63300000 - 0x00007ffb63332000 	C:\WINDOWS\SYSTEM32\ntmarta.dll
0x00007ffb63c20000 - 0x00007ffb63c4c000 	C:\WINDOWS\SYSTEM32\SspiCli.dll
0x0000000060830000 - 0x0000000060901000 	C:\Program Files\Java\jdk1.8.0_102\jre\bin\msvcr100.dll
0x0000000060910000 - 0x00000000611aa000 	C:\Program Files\Java\jdk1.8.0_102\jre\bin\server\jvm.dll
0x00007ffb67ae0000 - 0x00007ffb67ae8000 	C:\WINDOWS\System32\PSAPI.DLL
0x00007ffb61210000 - 0x00007ffb61219000 	C:\WINDOWS\SYSTEM32\WSOCK32.dll
0x00007ffb61f30000 - 0x00007ffb61f53000 	C:\WINDOWS\SYSTEM32\WINMM.dll
0x00007ffb5c150000 - 0x00007ffb5c15a000 	C:\WINDOWS\SYSTEM32\VERSION.dll
0x00007ffb65d90000 - 0x00007ffb65dfa000 	C:\WINDOWS\System32\WS2_32.dll
0x0000000000fa0000 - 0x0000000000fcb000 	C:\WINDOWS\SYSTEM32\WINMMBASE.dll
0x00007ffb641c0000 - 0x00007ffb64202000 	C:\WINDOWS\System32\cfgmgr32.dll
0x0000000061db0000 - 0x0000000061dbf000 	C:\Program Files\Java\jdk1.8.0_102\jre\bin\verify.dll
0x0000000060800000 - 0x0000000060829000 	C:\Program Files\Java\jdk1.8.0_102\jre\bin\java.dll
0x00000000607e0000 - 0x00000000607f6000 	C:\Program Files\Java\jdk1.8.0_102\jre\bin\zip.dll
0x00007ffb660d0000 - 0x00007ffb675d9000 	C:\WINDOWS\System32\SHELL32.dll
0x00007ffb64810000 - 0x00007ffb64eea000 	C:\WINDOWS\System32\windows.storage.dll
0x00007ffb63f90000 - 0x00007ffb63fdc000 	C:\WINDOWS\System32\powrprof.dll
0x00007ffb65780000 - 0x00007ffb657d2000 	C:\WINDOWS\System32\shlwapi.dll
0x00007ffb63f80000 - 0x00007ffb63f8f000 	C:\WINDOWS\System32\kernel.appcore.dll
0x00007ffb643e0000 - 0x00007ffb64489000 	C:\WINDOWS\System32\shcore.dll
0x00007ffb63f60000 - 0x00007ffb63f74000 	C:\WINDOWS\System32\profapi.dll
0x00007ffb40480000 - 0x00007ffb4056f000 	C:\Program Files\Java\jdk1.8.0_102\jre\bin\msvcr120.dll
0x00007ffb3c430000 - 0x00007ffb3c4d6000 	C:\Program Files\Java\jdk1.8.0_102\jre\bin\msvcp120.dll
0x00000000617d0000 - 0x00000000617f2000 	C:\Program Files\Java\jdk1.8.0_102\jre\bin\prism_d3d.dll
0x00007ffb41dc0000 - 0x00007ffb41f4d000 	C:\WINDOWS\system32\d3d9.dll
0x00007ffb61d80000 - 0x00007ffb61da6000 	C:\WINDOWS\SYSTEM32\dwmapi.dll
0x00007ffb62740000 - 0x00007ffb627d5000 	C:\WINDOWS\system32\uxtheme.dll
0x00007ffb2faf0000 - 0x00007ffb3202d000 	C:\WINDOWS\SYSTEM32\igdumdim64.dll
0x00007ffb65a90000 - 0x00007ffb65b4f000 	C:\WINDOWS\System32\OLEAUT32.dll
0x00007ffb63fe0000 - 0x00007ffb6407c000 	C:\WINDOWS\System32\msvcp_win.dll
0x00007ffb67680000 - 0x00007ffb677b7000 	C:\WINDOWS\System32\ole32.dll
0x00007ffb65290000 - 0x00007ffb656b9000 	C:\WINDOWS\System32\SETUPAPI.dll
0x0000000061780000 - 0x00000000617c3000 	C:\Program Files\Java\jdk1.8.0_102\jre\bin\glass.dll
0x00007ffb65190000 - 0x00007ffb6528a000 	C:\WINDOWS\System32\COMDLG32.dll
0x00007ffb65810000 - 0x00007ffb6596b000 	C:\WINDOWS\System32\MSCTF.dll
0x00007ffb5e900000 - 0x00007ffb5f340000 	C:\WINDOWS\SYSTEM32\igdusc64.dll
0x0000000061750000 - 0x0000000061773000 	C:\Program Files\Java\jdk1.8.0_102\jre\bin\javafx_iio.dll
0x0000000061700000 - 0x0000000061714000 	C:\Program Files\Java\jdk1.8.0_102\jre\bin\javafx_font.dll
0x00007ffb53010000 - 0x00007ffb53279000 	C:\WINDOWS\SYSTEM32\dwrite.dll
0x0000000061680000 - 0x00000000616f3000 	C:\Program Files\Java\jdk1.8.0_102\jre\bin\glib-lite.dll
0x000000005f8f0000 - 0x000000005f98c000 	C:\Program Files\Java\jdk1.8.0_102\jre\bin\gstreamer-lite.dll
0x00007ffb3fa60000 - 0x00007ffb3fafb000 	C:\WINDOWS\SYSTEM32\DSOUND.dll
0x000000005f8c0000 - 0x000000005f8e5000 	C:\Program Files\Java\jdk1.8.0_102\jre\bin\jfxmedia.dll
0x00000000607c0000 - 0x00000000607da000 	C:\Program Files\Java\jdk1.8.0_102\jre\bin\net.dll
0x00007ffb63730000 - 0x00007ffb6378c000 	C:\WINDOWS\system32\mswsock.dll
0x00000000607a0000 - 0x00000000607b1000 	C:\Program Files\Java\jdk1.8.0_102\jre\bin\nio.dll
0x000000005f880000 - 0x000000005f8b1000 	C:\Program Files\Java\jdk1.8.0_102\jre\bin\fxplugins.dll
0x00007ffb675e0000 - 0x00007ffb6767f000 	C:\WINDOWS\System32\clbcatq.dll
0x00007ffb5c480000 - 0x00007ffb5c4f1000 	C:\WINDOWS\System32\MMDevApi.dll
0x00007ffb61420000 - 0x00007ffb615a5000 	C:\WINDOWS\System32\PROPSYS.dll
0x00007ffb62b60000 - 0x00007ffb62b88000 	C:\WINDOWS\System32\DEVOBJ.dll
0x00007ffb51780000 - 0x00007ffb51814000 	C:\WINDOWS\SYSTEM32\AUDIOSES.DLL
0x00007ffb60970000 - 0x00007ffb60aa6000 	C:\WINDOWS\SYSTEM32\wintypes.dll
0x00007ffb58d80000 - 0x00007ffb58daa000 	C:\Windows\System32\qasf.dll
0x00007ffb3c1e0000 - 0x00007ffb3c42b000 	C:\Windows\System32\WMVCore.DLL
0x00007ffb59970000 - 0x00007ffb5997a000 	C:\Windows\System32\msdmo.dll
0x00007ffb44e70000 - 0x00007ffb44ebe000 	C:\Windows\System32\WMASF.DLL
0x00007ffb40170000 - 0x00007ffb4029d000 	C:\Windows\System32\mfperfhelper.dll
0x00007ffb581e0000 - 0x00007ffb58348000 	C:\WINDOWS\SYSTEM32\MFPlat.DLL
0x00007ffb58870000 - 0x00007ffb5889e000 	C:\WINDOWS\SYSTEM32\RTWorkQ.DLL
0x00007ffb58d60000 - 0x00007ffb58d7d000 	C:\Windows\System32\mp3dmod.dll
0x00007ffb3c010000 - 0x00007ffb3c1d3000 	C:\Windows\System32\quartz.dll
0x00007ffb63e90000 - 0x00007ffb63ebb000 	C:\Windows\System32\bcrypt.dll
0x00007ffb61630000 - 0x00007ffb617d8000 	C:\WINDOWS\SYSTEM32\WindowsCodecs.dll
0x00007ffb4c510000 - 0x00007ffb4c559000 	C:\WINDOWS\system32\dataexchange.dll
0x00007ffb60d80000 - 0x00007ffb61036000 	C:\WINDOWS\system32\d3d11.dll
0x00007ffb61f90000 - 0x00007ffb620e1000 	C:\WINDOWS\system32\dcomp.dll
0x00007ffb62ee0000 - 0x00007ffb62f7f000 	C:\WINDOWS\system32\dxgi.dll
0x00007ffb628e0000 - 0x00007ffb629fc000 	C:\WINDOWS\system32\twinapi.appcore.dll
0x00007ffb59200000 - 0x00007ffb59232000 	C:\Program Files\Common Files\Microsoft Shared\Ink\rtscom.dll
0x000000005f860000 - 0x000000005f871000 	C:\Program Files\Java\jdk1.8.0_102\jre\bin\prism_common.dll
0x00007ffb5e2d0000 - 0x00007ffb5e82f000 	C:\WINDOWS\SYSTEM32\d2d1.dll
0x00007ffb64210000 - 0x00007ffb643d9000 	C:\WINDOWS\System32\CRYPT32.dll
0x00007ffb63f50000 - 0x00007ffb63f60000 	C:\WINDOWS\System32\MSASN1.dll
0x00007ffb3c6d0000 - 0x00007ffb3c95d000 	C:\WINDOWS\SYSTEM32\D3D10Warp.dll
0x00007ffb60960000 - 0x00007ffb6096b000 	C:\WINDOWS\SYSTEM32\avrt.dll
0x00007ffb3fdc0000 - 0x00007ffb3fe58000 	C:\Program Files\Common Files\microsoft shared\ink\tiptsf.dll
0x00007ffb4e250000 - 0x00007ffb4e292000 	C:\WINDOWS\SYSTEM32\edputil.dll
0x00007ffb4bf70000 - 0x00007ffb4c3f4000 	C:\WINDOWS\system32\explorerframe.dll
0x00007ffb2d1d0000 - 0x00007ffb2d378000 	C:\WINDOWS\system32\DUI70.dll
0x00007ffb40e20000 - 0x00007ffb40eb4000 	C:\WINDOWS\system32\DUser.dll
0x00007ffb4e2a0000 - 0x00007ffb4e2f3000 	C:\Windows\System32\thumbcache.dll
0x00007ffb52d70000 - 0x00007ffb52efa000 	C:\Windows\System32\Windows.Globalization.dll
0x00007ffb5afe0000 - 0x00007ffb5b047000 	C:\Windows\System32\Bcp47Langs.dll
0x00007ffb59600000 - 0x00007ffb5962e000 	C:\WINDOWS\SYSTEM32\globinputhost.dll
0x00007ffb51140000 - 0x00007ffb511e0000 	C:\WINDOWS\System32\StructuredQuery.dll
0x00007ffb50530000 - 0x00007ffb5054b000 	C:\WINDOWS\SYSTEM32\MPR.dll
0x00007ffb4f4a0000 - 0x00007ffb4f4a9000 	C:\WINDOWS\SYSTEM32\atlthunk.dll
0x00007ffb58d40000 - 0x00007ffb58d56000 	C:\WINDOWS\System32\ntlanman.dll
0x00007ffb61de0000 - 0x00007ffb61deb000 	C:\WINDOWS\System32\drprov.dll
0x00007ffb63650000 - 0x00007ffb636a6000 	C:\WINDOWS\System32\WINSTA.dll
0x00007ffb567f0000 - 0x00007ffb56810000 	C:\WINDOWS\System32\davclnt.dll
0x00007ffb5b250000 - 0x00007ffb5b25c000 	C:\WINDOWS\System32\DAVHLPR.dll
0x00007ffb5e050000 - 0x00007ffb5e066000 	C:\WINDOWS\System32\wkscli.dll
0x00007ffb53310000 - 0x00007ffb53322000 	C:\WINDOWS\SYSTEM32\cscapi.dll
0x00007ffb63540000 - 0x00007ffb6354d000 	C:\WINDOWS\System32\netutils.dll
0x00007ffb62500000 - 0x00007ffb6257a000 	C:\WINDOWS\SYSTEM32\apphelp.dll
0x00007ffb33be0000 - 0x00007ffb33c2d000 	C:\Windows\System32\dlnashext.dll
0x00007ffb40340000 - 0x00007ffb403b0000 	C:\Windows\System32\PlayToDevice.dll
0x00007ffb58ed0000 - 0x00007ffb58eee000 	C:\Windows\System32\DevDispItemProvider.dll
0x00007ffb5de70000 - 0x00007ffb5df0e000 	C:\Windows\System32\PortableDeviceApi.dll
0x00007ffb650c0000 - 0x00007ffb6512e000 	C:\WINDOWS\System32\coml2.dll
0x00007ffb64490000 - 0x00007ffb644e5000 	C:\WINDOWS\System32\WINTRUST.dll
0x00007ffb4eb50000 - 0x00007ffb4eb60000 	C:\WINDOWS\SYSTEM32\LINKINFO.dll
0x00007ffb5ac70000 - 0x00007ffb5afd5000 	C:\Windows\System32\ActXPrxy.dll
0x00007ffb53350000 - 0x00007ffb53375000 	C:\Windows\System32\EhStorAPI.dll
0x00007ffb61400000 - 0x00007ffb61413000 	C:\Windows\System32\WTSAPI32.dll
0x00007ffb4d900000 - 0x00007ffb4d97d000 	C:\Windows\System32\twinapi.dll
0x00007ffb421d0000 - 0x00007ffb4229a000 	C:\WINDOWS\system32\Windows.Storage.Search.dll
0x00007ffb4cb50000 - 0x00007ffb4cb86000 	C:\Windows\System32\EhStorShell.dll
0x00007ffb4f4b0000 - 0x00007ffb4f4f4000 	C:\Program Files (x86)\Dropbox\Client\DropboxExt64.3.0.dll

VM Arguments:
jvm_args: -Dfile.encoding=UTF-8 
java_command: C:\Users\User-87\Documents\GitHub\SpaceBeatz\dist\run1809498709\SpaceBeatz.jar
java_class_path (initial): C:\Users\User-87\Documents\GitHub\SpaceBeatz\dist\run1809498709\SpaceBeatz.jar
Launcher Type: SUN_STANDARD

Environment Variables:
PATH=C:\ProgramData\Oracle\Java\javapath;C:\WINDOWS\system32;C:\WINDOWS;C:\WINDOWS\System32\Wbem;C:\WINDOWS\System32\WindowsPowerShell\v1.0\;C:\Users\User-87\.dnx\bin;C:\Program Files\Microsoft DNX\Dnvm\;C:\Program Files (x86)\Windows Kits\8.1\Windows Performance Toolkit\;C:\Program Files\Java\jdk1.8.0_102\bin;C:\Program Files\Java\jdk1.8.0_102\db\lib;C:\Program Files (x86)\NVIDIA Corporation\PhysX\Common;C:\Program Files\Microsoft SQL Server\130\Tools\Binn\;C:\Program Files\Git\cmd;C:\MinGW\msys\1.0\bin;C:\Program Files (x86)\nodejs\;C:\Python27;C:\sqlite;C:\WINDOWS\system32;C:\WINDOWS;C:\WINDOWS\System32\Wbem;C:\WINDOWS\System32\WindowsPowerShell\v1.0\;C:\Program Files (x86)\GtkSharp\2.12\bin;C:\Users\User-87\AppData\Local\Microsoft\WindowsApps;
USERNAME=User-87
OS=Windows_NT
PROCESSOR_IDENTIFIER=Intel64 Family 6 Model 60 Stepping 3, GenuineIntel



---------------  S Y S T E M  ---------------

OS: Windows 10.0 , 64 bit Build 14393 (10.0.14393.0)

CPU:total 4 (2 cores per cpu, 2 threads per core) family 6 model 60 stepping 3, cmov, cx8, fxsr, mmx, sse, sse2, sse3, ssse3, sse4.1, sse4.2, popcnt, avx, avx2, aes, clmul, erms, lzcnt, ht, tsc, tscinvbit, bmi1, bmi2

Memory: 4k page, physical 12500264k(7909152k free), swap 14400808k(9008324k free)

vm_info: Java HotSpot(TM) 64-Bit Server VM (25.102-b14) for windows-amd64 JRE (1.8.0_102-b14), built on Jun 22 2016 13:15:21 by "java_re" with MS VC++ 10.0 (VS2010)

time: Wed Nov 23 19:06:47 2016
elapsed time: 13 seconds (0d 0h 0m 13s)

