#
# A fatal error has been detected by the Java Runtime Environment:
#
#  EXCEPTION_ACCESS_VIOLATION (0xc0000005) at pc=0x0000000060a58efb, pid=2404, tid=0x00000000000008a0
#
# JRE version: Java(TM) SE Runtime Environment (8.0_102-b14) (build 1.8.0_102-b14)
# Java VM: Java HotSpot(TM) 64-Bit Server VM (25.102-b14 mixed mode windows-amd64 compressed oops)
# Problematic frame:
# V  [jvm.dll+0x148efb]
#
# Failed to write core dump. Minidumps are not enabled by default on client versions of Windows
#
# If you would like to submit a bug report, please visit:
#   http://bugreport.java.com/bugreport/crash.jsp
#

---------------  T H R E A D  ---------------

Current thread (0x000000001b755000):  JavaThread "JavaFX Application Thread" [_thread_in_vm, id=2208, stack(0x000000001bd60000,0x000000001be60000)]

siginfo: ExceptionCode=0xc0000005, reading address 0x000000000000000d

Registers:
RAX=0x000000001b7939b0, RBX=0x000000001b75a3f0, RCX=0x0000000000000011, RDX=0x0000000000000011
RSP=0x000000001be5b5c0, RBP=0x000000001be5b6c0, RSI=0x0000000000000005, RDI=0x0000000000000000
R8 =0x000000000297c0e8, R9 =0x0000000000000001, R10=0x0000000000000000, R11=0x0000000000000246
R12=0x000000001b75d7d0, R13=0x000000001b755000, R14=0x000000001b50c760, R15=0x000000001be5b780
RIP=0x0000000060a58efb, EFLAGS=0x0000000000010297

Top of Stack: (sp=0x000000001be5b5c0)
0x000000001be5b5c0:   000000001b755000 00007ffb677e1917
0x000000001be5b5d0:   0000000080000000 0000000061781780
0x000000001be5b5e0:   0000000000000000 0000000080000000
0x000000001be5b5f0:   0000000000000002 0000000000000005
0x000000001be5b600:   000000001b755000 000000001b50cb48
0x000000001be5b610:   000000001be5b7b0 00000000000003d8
0x000000001be5b620:   000000001b50c7e0 000000001b7551f8
0x000000001be5b630:   0000000000000000 000000001be5b740
0x000000001be5b640:   0000000000000001 0000000000000001
0x000000001be5b650:   0000000000000000 0000000000000000
0x000000001be5b660:   0000000000000000 00007ffb677f5e97
0x000000001be5b670:   0000000000000000 000000001b7824f0
0x000000001be5b680:   0000000000000000 0000000000000000
0x000000001be5b690:   0000000061781780 0000000000000000
0x000000001be5b6a0:   0000000000000000 0000000000000000
0x000000001be5b6b0:   0000000000000000 00007ffb67860100 

Instructions: (pc=0x0000000060a58efb)
0x0000000060a58edb:   08 48 8b cb e8 5c 2f 06 00 48 63 0b 8d 41 01 89
0x0000000060a58eeb:   03 48 8b 43 18 48 89 34 c8 eb 05 48 89 7c 24 40
0x0000000060a58efb:   48 8b 56 08 48 8d 4c 24 70 0f b7 42 24 48 8b 52
0x0000000060a58f0b:   08 48 8b 54 c2 50 e8 7a ce 0e 00 4c 8d 1d 3b c2 


Register to memory mapping:

RAX=0x000000001b7939b0 is an unknown value
RBX=0x000000001b75a3f0 is an unknown value
RCX=0x0000000000000011 is an unknown value
RDX=0x0000000000000011 is an unknown value
RSP=0x000000001be5b5c0 is pointing into the stack for thread: 0x000000001b755000
RBP=0x000000001be5b6c0 is pointing into the stack for thread: 0x000000001b755000
RSI=0x0000000000000005 is an unknown value
RDI=0x0000000000000000 is an unknown value
R8 =0x000000000297c0e8 is a global jni handle
R9 =0x0000000000000001 is an unknown value
R10=0x0000000000000000 is an unknown value
R11=0x0000000000000246 is an unknown value
R12=0x000000001b75d7d0 is an unknown value
R13=0x000000001b755000 is a thread
R14=0x000000001b50c760 is an unknown value
R15=0x000000001be5b780 is pointing into the stack for thread: 0x000000001b755000


Stack: [0x000000001bd60000,0x000000001be60000],  sp=0x000000001be5b5c0,  free space=1005k
Native frames: (J=compiled Java code, j=interpreted, Vv=VM code, C=native code)
V  [jvm.dll+0x148efb]
V  [jvm.dll+0x14eb58]
C  [glass.dll+0x4cac]
C  [glass.dll+0x18fed]
C  [glass.dll+0x18bd9]
C  [glass.dll+0xa1f5]
C  [glass.dll+0x17e8]
C  [USER32.dll+0x11c24]
C  [USER32.dll+0x1125e]
C  [USER32.dll+0x10ff5]
C  [glass.dll+0x192b0]
C  0x00000000029c7f54

Java frames: (J=compiled Java code, j=interpreted, Vv=VM code)
j  com.sun.glass.ui.win.WinView._enterFullscreen(JZZZ)Z+0
j  com.sun.glass.ui.View.enterFullscreen(ZZZ)Z+15
j  com.sun.javafx.tk.quantum.WindowStage.applyFullScreen()V+77
j  com.sun.javafx.tk.quantum.WindowStage.setFullScreen(Z)V+50
j  javafx.stage.Stage.impl_visibleChanged(Z)V+43
j  javafx.stage.Window$9.invalidated()V+566
J 2515 C1 javafx.beans.property.BooleanPropertyBase.set(Z)V (110 bytes) @ 0x000000000311edec [0x000000000311e6e0+0x70c]
j  javafx.stage.Window.setShowing(Z)V+11
j  javafx.stage.Window.show()V+2
j  javafx.stage.Stage.show()V+1
j  spacebeatz.MenuController.resumeButtonListener()V+4
v  ~StubRoutines::call_stub
j  sun.reflect.NativeMethodAccessorImpl.invoke0(Ljava/lang/reflect/Method;Ljava/lang/Object;[Ljava/lang/Object;)Ljava/lang/Object;+0
j  sun.reflect.NativeMethodAccessorImpl.invoke(Ljava/lang/Object;[Ljava/lang/Object;)Ljava/lang/Object;+100
J 1083 C1 sun.reflect.DelegatingMethodAccessorImpl.invoke(Ljava/lang/Object;[Ljava/lang/Object;)Ljava/lang/Object; (10 bytes) @ 0x0000000002d7dd8c [0x0000000002d7dc80+0x10c]
J 1082 C1 java.lang.reflect.Method.invoke(Ljava/lang/Object;[Ljava/lang/Object;)Ljava/lang/Object; (62 bytes) @ 0x0000000002d81a34 [0x0000000002d81640+0x3f4]
j  sun.reflect.misc.Trampoline.invoke(Ljava/lang/reflect/Method;Ljava/lang/Object;[Ljava/lang/Object;)Ljava/lang/Object;+7
j  sun.reflect.GeneratedMethodAccessor1.invoke(Ljava/lang/Object;[Ljava/lang/Object;)Ljava/lang/Object;+40
J 1083 C1 sun.reflect.DelegatingMethodAccessorImpl.invoke(Ljava/lang/Object;[Ljava/lang/Object;)Ljava/lang/Object; (10 bytes) @ 0x0000000002d7dd8c [0x0000000002d7dc80+0x10c]
J 1082 C1 java.lang.reflect.Method.invoke(Ljava/lang/Object;[Ljava/lang/Object;)Ljava/lang/Object; (62 bytes) @ 0x0000000002d81a34 [0x0000000002d81640+0x3f4]
j  sun.reflect.misc.MethodUtil.invoke(Ljava/lang/reflect/Method;Ljava/lang/Object;[Ljava/lang/Object;)Ljava/lang/Object;+20
j  javafx.fxml.FXMLLoader$MethodHandler.invoke([Ljava/lang/Object;)V+38
j  javafx.fxml.FXMLLoader$ControllerMethodEventHandler.handle(Ljavafx/event/Event;)V+12
j  com.sun.javafx.event.CompositeEventHandler.dispatchBubblingEvent(Ljavafx/event/Event;)V+51
J 1677 C1 com.sun.javafx.event.EventHandlerManager.dispatchBubblingEvent(Ljavafx/event/Event;)Ljavafx/event/Event; (23 bytes) @ 0x0000000002ec6624 [0x0000000002ec5fa0+0x684]
J 1676 C1 com.sun.javafx.event.CompositeEventDispatcher.dispatchBubblingEvent(Ljavafx/event/Event;)Ljavafx/event/Event; (35 bytes) @ 0x0000000002ec6f9c [0x0000000002ec6de0+0x1bc]
J 1547 C1 com.sun.javafx.event.BasicEventDispatcher.dispatchEvent(Ljavafx/event/Event;Ljavafx/event/EventDispatchChain;)Ljavafx/event/Event; (44 bytes) @ 0x0000000002e8d53c [0x0000000002e8d200+0x33c]
J 1406 C1 com.sun.javafx.event.EventDispatchChainImpl.dispatchEvent(Ljavafx/event/Event;)Ljavafx/event/Event; (101 bytes) @ 0x0000000002e376bc [0x0000000002e37500+0x1bc]
J 1547 C1 com.sun.javafx.event.BasicEventDispatcher.dispatchEvent(Ljavafx/event/Event;Ljavafx/event/EventDispatchChain;)Ljavafx/event/Event; (44 bytes) @ 0x0000000002e8d454 [0x0000000002e8d200+0x254]
J 1406 C1 com.sun.javafx.event.EventDispatchChainImpl.dispatchEvent(Ljavafx/event/Event;)Ljavafx/event/Event; (101 bytes) @ 0x0000000002e376bc [0x0000000002e37500+0x1bc]
J 1547 C1 com.sun.javafx.event.BasicEventDispatcher.dispatchEvent(Ljavafx/event/Event;Ljavafx/event/EventDispatchChain;)Ljavafx/event/Event; (44 bytes) @ 0x0000000002e8d454 [0x0000000002e8d200+0x254]
J 1406 C1 com.sun.javafx.event.EventDispatchChainImpl.dispatchEvent(Ljavafx/event/Event;)Ljavafx/event/Event; (101 bytes) @ 0x0000000002e376bc [0x0000000002e37500+0x1bc]
J 2505 C1 com.sun.javafx.event.EventUtil.fireEventImpl(Ljavafx/event/EventDispatchChain;Ljavafx/event/EventTarget;Ljavafx/event/Event;)Ljavafx/event/Event; (16 bytes) @ 0x000000000310eadc [0x000000000310e980+0x15c]
j  com.sun.javafx.event.EventUtil.fireEvent(Ljavafx/event/EventTarget;Ljavafx/event/Event;)Ljavafx/event/Event;+37
j  javafx.event.Event.fireEvent(Ljavafx/event/EventTarget;Ljavafx/event/Event;)V+30
j  javafx.scene.Node.fireEvent(Ljavafx/event/Event;)V+86
j  javafx.scene.control.Button.fire()V+15
j  com.sun.javafx.scene.control.behavior.ButtonBehavior.mouseReleased(Ljavafx/scene/input/MouseEvent;)V+23
j  com.sun.javafx.scene.control.skin.BehaviorSkinBase$1.handle(Ljavafx/scene/input/MouseEvent;)V+83
j  com.sun.javafx.scene.control.skin.BehaviorSkinBase$1.handle(Ljavafx/event/Event;)V+5
j  com.sun.javafx.event.CompositeEventHandler$NormalEventHandlerRecord.handleBubblingEvent(Ljavafx/event/Event;)V+5
j  com.sun.javafx.event.CompositeEventHandler.dispatchBubblingEvent(Ljavafx/event/Event;)V+28
J 1677 C1 com.sun.javafx.event.EventHandlerManager.dispatchBubblingEvent(Ljavafx/event/Event;)Ljavafx/event/Event; (23 bytes) @ 0x0000000002ec6624 [0x0000000002ec5fa0+0x684]
J 1676 C1 com.sun.javafx.event.CompositeEventDispatcher.dispatchBubblingEvent(Ljavafx/event/Event;)Ljavafx/event/Event; (35 bytes) @ 0x0000000002ec6f9c [0x0000000002ec6de0+0x1bc]
J 1547 C1 com.sun.javafx.event.BasicEventDispatcher.dispatchEvent(Ljavafx/event/Event;Ljavafx/event/EventDispatchChain;)Ljavafx/event/Event; (44 bytes) @ 0x0000000002e8d53c [0x0000000002e8d200+0x33c]
J 1406 C1 com.sun.javafx.event.EventDispatchChainImpl.dispatchEvent(Ljavafx/event/Event;)Ljavafx/event/Event; (101 bytes) @ 0x0000000002e376bc [0x0000000002e37500+0x1bc]
J 1547 C1 com.sun.javafx.event.BasicEventDispatcher.dispatchEvent(Ljavafx/event/Event;Ljavafx/event/EventDispatchChain;)Ljavafx/event/Event; (44 bytes) @ 0x0000000002e8d454 [0x0000000002e8d200+0x254]
J 1406 C1 com.sun.javafx.event.EventDispatchChainImpl.dispatchEvent(Ljavafx/event/Event;)Ljavafx/event/Event; (101 bytes) @ 0x0000000002e376bc [0x0000000002e37500+0x1bc]
J 1547 C1 com.sun.javafx.event.BasicEventDispatcher.dispatchEvent(Ljavafx/event/Event;Ljavafx/event/EventDispatchChain;)Ljavafx/event/Event; (44 bytes) @ 0x0000000002e8d454 [0x0000000002e8d200+0x254]
J 1406 C1 com.sun.javafx.event.EventDispatchChainImpl.dispatchEvent(Ljavafx/event/Event;)Ljavafx/event/Event; (101 bytes) @ 0x0000000002e376bc [0x0000000002e37500+0x1bc]
J 2505 C1 com.sun.javafx.event.EventUtil.fireEventImpl(Ljavafx/event/EventDispatchChain;Ljavafx/event/EventTarget;Ljavafx/event/Event;)Ljavafx/event/Event; (16 bytes) @ 0x000000000310eadc [0x000000000310e980+0x15c]
j  com.sun.javafx.event.EventUtil.fireEvent(Ljavafx/event/EventTarget;Ljavafx/event/Event;)Ljavafx/event/Event;+46
J 2372 C1 javafx.scene.Scene$MouseHandler.process(Ljavafx/scene/input/MouseEvent;Z)V (735 bytes) @ 0x00000000030a451c [0x00000000030a19e0+0x2b3c]
J 2371 C1 javafx.scene.Scene$MouseHandler.access$1500(Ljavafx/scene/Scene$MouseHandler;Ljavafx/scene/input/MouseEvent;Z)V (7 bytes) @ 0x000000000309575c [0x0000000003095700+0x5c]
j  javafx.scene.Scene.impl_processMouseEvent(Ljavafx/scene/input/MouseEvent;)V+6
j  javafx.scene.Scene$ScenePeerListener.mouseEvent(Ljavafx/event/EventType;DDDDLjavafx/scene/input/MouseButton;ZZZZZZZZZ)V+46
j  com.sun.javafx.tk.quantum.GlassViewEventHandler$MouseEventNotification.run()Ljava/lang/Void;+514
j  com.sun.javafx.tk.quantum.GlassViewEventHandler$MouseEventNotification.run()Ljava/lang/Object;+1
v  ~StubRoutines::call_stub
J 1374  java.security.AccessController.doPrivileged(Ljava/security/PrivilegedAction;Ljava/security/AccessControlContext;)Ljava/lang/Object; (0 bytes) @ 0x0000000002e28be6 [0x0000000002e28b80+0x66]
j  com.sun.javafx.tk.quantum.GlassViewEventHandler.lambda$handleMouseEvent$354()Ljava/lang/Void;+11
j  com.sun.javafx.tk.quantum.GlassViewEventHandler$$Lambda$190.get()Ljava/lang/Object;+4
J 2495 C1 com.sun.javafx.tk.quantum.QuantumToolkit.runWithoutRenderLock(Ljava/util/function/Supplier;)Ljava/lang/Object; (49 bytes) @ 0x0000000003109864 [0x0000000003109320+0x544]
j  com.sun.javafx.tk.quantum.GlassViewEventHandler.handleMouseEvent(Lcom/sun/glass/ui/View;JIIIIIIIZZ)V+103
j  com.sun.glass.ui.View.handleMouseEvent(JIIIIIIIZZ)V+30
j  com.sun.glass.ui.View.notifyMouse(IIIIIIIZZ)V+181
v  ~StubRoutines::call_stub
j  com.sun.glass.ui.win.WinApplication._runLoop(Ljava/lang/Runnable;)V+0
j  com.sun.glass.ui.win.WinApplication.lambda$null$148(ILjava/lang/Runnable;)V+8
j  com.sun.glass.ui.win.WinApplication$$Lambda$38.run()V+12
j  java.lang.Thread.run()V+11
v  ~StubRoutines::call_stub

---------------  P R O C E S S  ---------------

Java Threads: ( => current thread )
  0x0000000020992800 JavaThread "Timer-1" daemon [_thread_blocked, id=9884, stack(0x000000002e680000,0x000000002e780000)]
  0x0000000020993800 JavaThread "JFXMedia Player EventQueueThread" daemon [_thread_blocked, id=7640, stack(0x000000002e180000,0x000000002e280000)]
  0x00000000208f2000 JavaThread "Media Resource Disposer" daemon [_thread_blocked, id=2008, stack(0x0000000026db0000,0x0000000026eb0000)]
  0x00000000207dc800 JavaThread "Prism Font Disposer" daemon [_thread_blocked, id=7496, stack(0x00000000239c0000,0x0000000023ac0000)]
  0x00000000208f6000 JavaThread "JFXMedia Player EventQueueThread" daemon [_thread_blocked, id=7300, stack(0x0000000022ad0000,0x0000000022bd0000)]
  0x0000000020450800 JavaThread "Thread-3" daemon [_thread_in_native, id=8532, stack(0x0000000020c00000,0x0000000020d00000)]
  0x000000001b792800 JavaThread "JavaFX-Launcher" [_thread_blocked, id=2772, stack(0x0000000020d00000,0x0000000020e00000)]
=>0x000000001b755000 JavaThread "JavaFX Application Thread" [_thread_in_vm, id=2208, stack(0x000000001bd60000,0x000000001be60000)]
  0x000000001b752000 JavaThread "Thread-1" daemon [_thread_blocked, id=9696, stack(0x000000001bc60000,0x000000001bd60000)]
  0x000000001b72d800 JavaThread "QuantumRenderer-0" daemon [_thread_blocked, id=1352, stack(0x000000001b9b0000,0x000000001bab0000)]
  0x000000001b3d8800 JavaThread "Service Thread" daemon [_thread_blocked, id=8348, stack(0x000000001b7b0000,0x000000001b8b0000)]
  0x0000000019a79800 JavaThread "C1 CompilerThread2" daemon [_thread_blocked, id=7268, stack(0x000000001b2b0000,0x000000001b3b0000)]
  0x0000000019a70800 JavaThread "C2 CompilerThread1" daemon [_thread_blocked, id=8584, stack(0x000000001b1b0000,0x000000001b2b0000)]
  0x0000000019a6d800 JavaThread "C2 CompilerThread0" daemon [_thread_blocked, id=8792, stack(0x000000001b0b0000,0x000000001b1b0000)]
  0x0000000019a6b800 JavaThread "Attach Listener" daemon [_thread_blocked, id=9504, stack(0x000000001afb0000,0x000000001b0b0000)]
  0x0000000019a6a800 JavaThread "Signal Dispatcher" daemon [_thread_blocked, id=9680, stack(0x000000001aeb0000,0x000000001afb0000)]
  0x0000000019a59000 JavaThread "Finalizer" daemon [_thread_blocked, id=7124, stack(0x000000001acc0000,0x000000001adc0000)]
  0x00000000029a1000 JavaThread "Reference Handler" daemon [_thread_blocked, id=4220, stack(0x000000001abc0000,0x000000001acc0000)]
  0x00000000028b1000 JavaThread "main" [_thread_blocked, id=9000, stack(0x00000000027b0000,0x00000000028b0000)]

Other Threads:
  0x0000000019a37000 VMThread [stack: 0x000000001aac0000,0x000000001abc0000] [id=1216]
  0x000000001b3da000 WatcherThread [stack: 0x000000001b8b0000,0x000000001b9b0000] [id=9404]

VM state:not at safepoint (normal execution)

VM Mutex/Monitor currently owned by a thread: None

Heap:
 PSYoungGen      total 57344K, used 30692K [0x0000000780700000, 0x0000000787700000, 0x00000007c0000000)
  eden space 49152K, 45% used [0x0000000780700000,0x0000000781cfb158,0x0000000783700000)
  from space 8192K, 99% used [0x0000000786f00000,0x00000007876fe1f0,0x0000000787700000)
  to   space 8192K, 0% used [0x0000000783700000,0x0000000783700000,0x0000000783f00000)
 ParOldGen       total 131072K, used 17234K [0x0000000701400000, 0x0000000709400000, 0x0000000780700000)
  object space 131072K, 13% used [0x0000000701400000,0x00000007024d49a8,0x0000000709400000)
 Metaspace       used 17434K, capacity 18164K, committed 18432K, reserved 1064960K
  class space    used 2303K, capacity 2513K, committed 2560K, reserved 1048576K

Card table byte_map: [0x0000000011d70000,0x0000000012370000] byte_map_base: 0x000000000e566000

Marking Bits: (ParMarkBitMap*) 0x000000006112a6c0
 Begin Bits: [0x0000000012b70000, 0x0000000015b20000)
 End Bits:   [0x0000000015b20000, 0x0000000018ad0000)

Polling page: 0x00000000024c0000

CodeCache: size=245760Kb used=7816Kb max_used=7817Kb free=237943Kb
 bounds [0x00000000029b0000, 0x0000000003160000, 0x00000000119b0000]
 total_blobs=3245 nmethods=2564 adapters=593
 compilation: enabled

Compilation events (10 events):
Event: 9.475 Thread 0x0000000019a79800 2561       3       com.sun.javafx.css.BitSet::retainAll (318 bytes)
Event: 9.476 Thread 0x0000000019a79800 nmethod 2561 0x0000000003157b10 code [0x0000000003157d60, 0x0000000003158f18]
Event: 9.476 Thread 0x0000000019a79800 2562       1       com.sun.javafx.css.Rule$Observables::getDeclarations (5 bytes)
Event: 9.476 Thread 0x0000000019a79800 nmethod 2562 0x000000000314dc90 code [0x000000000314dde0, 0x000000000314def0]
Event: 9.476 Thread 0x0000000019a79800 2563       3       java.lang.reflect.Array::newInstance (6 bytes)
Event: 9.477 Thread 0x0000000019a79800 nmethod 2563 0x000000000314d910 code [0x000000000314da80, 0x000000000314dbe8]
Event: 9.477 Thread 0x0000000019a79800 2560       3       com.sun.javafx.css.PseudoClassState::retainAll (6 bytes)
Event: 9.477 Thread 0x0000000019a79800 nmethod 2560 0x000000000314d590 code [0x000000000314d700, 0x000000000314d888]
Event: 9.477 Thread 0x0000000019a79800 2564       3       com.sun.javafx.tk.quantum.GlassScene::getAccessControlContext (22 bytes)
Event: 9.477 Thread 0x0000000019a79800 nmethod 2564 0x000000000314d110 code [0x000000000314d280, 0x000000000314d4c8]

GC Heap History (4 events):
Event: 0.908 GC heap before
{Heap before GC invocations=1 (full 0):
 PSYoungGen      total 57344K, used 49152K [0x0000000780700000, 0x0000000784700000, 0x00000007c0000000)
  eden space 49152K, 100% used [0x0000000780700000,0x0000000783700000,0x0000000783700000)
  from space 8192K, 0% used [0x0000000783f00000,0x0000000783f00000,0x0000000784700000)
  to   space 8192K, 0% used [0x0000000783700000,0x0000000783700000,0x0000000783f00000)
 ParOldGen       total 131072K, used 0K [0x0000000701400000, 0x0000000709400000, 0x0000000780700000)
  object space 131072K, 0% used [0x0000000701400000,0x0000000701400000,0x0000000709400000)
 Metaspace       used 12412K, capacity 12760K, committed 13056K, reserved 1060864K
  class space    used 1619K, capacity 1740K, committed 1792K, reserved 1048576K
Event: 0.921 GC heap after
Heap after GC invocations=1 (full 0):
 PSYoungGen      total 57344K, used 8191K [0x0000000780700000, 0x0000000787700000, 0x00000007c0000000)
  eden space 49152K, 0% used [0x0000000780700000,0x0000000780700000,0x0000000783700000)
  from space 8192K, 99% used [0x0000000783700000,0x0000000783effde0,0x0000000783f00000)
  to   space 8192K, 0% used [0x0000000786f00000,0x0000000786f00000,0x0000000787700000)
 ParOldGen       total 131072K, used 12911K [0x0000000701400000, 0x0000000709400000, 0x0000000780700000)
  object space 131072K, 9% used [0x0000000701400000,0x000000070209bf78,0x0000000709400000)
 Metaspace       used 12412K, capacity 12760K, committed 13056K, reserved 1060864K
  class space    used 1619K, capacity 1740K, committed 1792K, reserved 1048576K
}
Event: 6.589 GC heap before
{Heap before GC invocations=2 (full 0):
 PSYoungGen      total 57344K, used 55549K [0x0000000780700000, 0x0000000787700000, 0x00000007c0000000)
  eden space 49152K, 96% used [0x0000000780700000,0x000000078353f808,0x0000000783700000)
  from space 8192K, 99% used [0x0000000783700000,0x0000000783effde0,0x0000000783f00000)
  to   space 8192K, 0% used [0x0000000786f00000,0x0000000786f00000,0x0000000787700000)
 ParOldGen       total 131072K, used 12911K [0x0000000701400000, 0x0000000709400000, 0x0000000780700000)
  object space 131072K, 9% used [0x0000000701400000,0x000000070209bf78,0x0000000709400000)
 Metaspace       used 16801K, capacity 17488K, committed 17664K, reserved 1064960K
  class space    used 2258K, capacity 2468K, committed 2560K, reserved 1048576K
Event: 6.598 GC heap after
Heap after GC invocations=2 (full 0):
 PSYoungGen      total 57344K, used 8184K [0x0000000780700000, 0x0000000787700000, 0x00000007c0000000)
  eden space 49152K, 0% used [0x0000000780700000,0x0000000780700000,0x0000000783700000)
  from space 8192K, 99% used [0x0000000786f00000,0x00000007876fe1f0,0x0000000787700000)
  to   space 8192K, 0% used [0x0000000783700000,0x0000000783700000,0x0000000783f00000)
 ParOldGen       total 131072K, used 17234K [0x0000000701400000, 0x0000000709400000, 0x0000000780700000)
  object space 131072K, 13% used [0x0000000701400000,0x00000007024d49a8,0x0000000709400000)
 Metaspace       used 16801K, capacity 17488K, committed 17664K, reserved 1064960K
  class space    used 2258K, capacity 2468K, committed 2560K, reserved 1048576K
}

Deoptimization events (10 events):
Event: 1.163 Thread 0x000000001b755000 Uncommon trap: reason=unstable_if action=reinterpret pc=0x0000000002cfce10 method=java.lang.String.regionMatches(ZILjava/lang/String;II)Z @ 123
Event: 1.201 Thread 0x000000001b755000 Uncommon trap: reason=unstable_if action=reinterpret pc=0x0000000002d60bd0 method=jdk.internal.org.objectweb.asm.Type.getArgumentsAndReturnSizes(Ljava/lang/String;)I @ 47
Event: 6.281 Thread 0x000000001b755000 Uncommon trap: reason=class_check action=maybe_recompile pc=0x0000000002c0bfc4 method=java.io.SequenceInputStream.read()I @ 11
Event: 6.281 Thread 0x000000001b755000 Uncommon trap: reason=class_check action=maybe_recompile pc=0x0000000002c0bfc4 method=java.io.SequenceInputStream.read()I @ 11
Event: 6.281 Thread 0x000000001b755000 Uncommon trap: reason=class_check action=maybe_recompile pc=0x0000000002c0bfc4 method=java.io.SequenceInputStream.read()I @ 11
Event: 6.281 Thread 0x000000001b755000 Uncommon trap: reason=class_check action=maybe_recompile pc=0x0000000002c0bfc4 method=java.io.SequenceInputStream.read()I @ 11
Event: 6.307 Thread 0x000000001b755000 Uncommon trap: reason=unstable_if action=reinterpret pc=0x0000000002c1ba38 method=com.sun.javafx.image.impl.ByteBgra$ToByteBgraPreConv.doConvert([BII[BIIII)V @ 75
Event: 6.307 Thread 0x000000001b755000 Uncommon trap: reason=unstable_if action=reinterpret pc=0x0000000002c1ffe0 method=com.sun.javafx.image.impl.ByteBgra$ToByteBgraPreConv.doConvert([BII[BIIII)V @ 75
Event: 6.759 Thread 0x000000001b755000 Uncommon trap: reason=unstable_if action=reinterpret pc=0x0000000002f689dc method=java.lang.StrictMath.floorOrCeil(DDDD)D @ 38
Event: 8.202 Thread 0x000000001b755000 Uncommon trap: reason=unstable_if action=reinterpret pc=0x00000000030b7ca0 method=com.sun.javafx.sg.prism.GrowableDataBuffer.ensureWriteCapacity(I)V @ 11

Internal exceptions (10 events):
Event: 0.157 Thread 0x00000000028b1000 Exception <a 'java/lang/NullPointerException'> (0x0000000780a11988) thrown at [C:\re\workspace\8-2-build-windows-amd64-cygwin\jdk8u102\7268\hotspot\src\share\vm\interpreter\linkResolver.cpp, line 1178]
Event: 0.388 Thread 0x000000001b755000 Exception <a 'java/lang/NullPointerException'> (0x00000007814ad2d0) thrown at [C:\re\workspace\8-2-build-windows-amd64-cygwin\jdk8u102\7268\hotspot\src\share\vm\interpreter\linkResolver.cpp, line 1178]
Event: 0.388 Thread 0x000000001b755000 Exception <a 'java/lang/NullPointerException'> (0x00000007814ad2d0) thrown at [C:\re\workspace\8-2-build-windows-amd64-cygwin\jdk8u102\7268\hotspot\src\share\vm\prims\jvm.cpp, line 1390]
Event: 0.443 Thread 0x000000001b755000 Exception <a 'java/lang/ArrayIndexOutOfBoundsException': 58> (0x000000078165f3a8) thrown at [C:\re\workspace\8-2-build-windows-amd64-cygwin\jdk8u102\7268\hotspot\src\share\vm\interpreter\interpreterRuntime.cpp, line 366]
Event: 0.443 Thread 0x000000001b755000 Exception <a 'java/lang/ArrayIndexOutOfBoundsException': 18> (0x0000000781660230) thrown at [C:\re\workspace\8-2-build-windows-amd64-cygwin\jdk8u102\7268\hotspot\src\share\vm\interpreter\interpreterRuntime.cpp, line 366]
Event: 0.443 Thread 0x000000001b755000 Exception <a 'java/lang/ArrayIndexOutOfBoundsException': 86> (0x00000007816615d8) thrown at [C:\re\workspace\8-2-build-windows-amd64-cygwin\jdk8u102\7268\hotspot\src\share\vm\interpreter\interpreterRuntime.cpp, line 366]
Event: 0.851 Thread 0x000000001b755000 Implicit null exception at 0x0000000002c95516 to 0x0000000002c958c9
Event: 0.851 Thread 0x000000001b755000 Implicit null exception at 0x0000000002bc63d6 to 0x0000000002bc6785
Event: 0.959 Thread 0x000000001b755000 Implicit null exception at 0x0000000002caa6f5 to 0x0000000002caa921
Event: 0.959 Thread 0x000000001b755000 Implicit null exception at 0x0000000002cef6bb to 0x0000000002cf0061

Events (10 events):
Event: 8.170 loading class com/sun/prism/GraphicsResource done
Event: 8.170 loading class com/sun/prism/GraphicsResource
Event: 8.170 loading class com/sun/prism/GraphicsResource done
Event: 8.171 loading class com/sun/javafx/tk/quantum/ViewScene
Event: 8.171 loading class com/sun/javafx/tk/quantum/ViewScene done
Event: 8.179 loading class com/sun/javafx/tk/quantum/WindowStage
Event: 8.179 loading class com/sun/javafx/tk/quantum/WindowStage done
Event: 8.202 Thread 0x000000001b755000 Uncommon trap: trap_request=0xffffff65 fr.pc=0x00000000030b7ca0
Event: 8.202 Thread 0x000000001b755000 DEOPT PACKING pc=0x00000000030b7ca0 sp=0x000000001be5da90
Event: 8.202 Thread 0x000000001b755000 DEOPT UNPACKING pc=0x00000000029f582a sp=0x000000001be5d9c0 mode 2


Dynamic libraries:
0x00007ff6d3450000 - 0x00007ff6d3487000 	C:\Program Files\Java\jdk1.8.0_102\jre\bin\java.exe
0x00007ffb67af0000 - 0x00007ffb67cc1000 	C:\WINDOWS\SYSTEM32\ntdll.dll
0x00007ffb656c0000 - 0x00007ffb6576b000 	C:\WINDOWS\System32\KERNEL32.DLL
0x00007ffb645f0000 - 0x00007ffb6480d000 	C:\WINDOWS\System32\KERNELBASE.dll
0x00007ffb65b50000 - 0x00007ffb65bf2000 	C:\WINDOWS\System32\ADVAPI32.dll
0x00007ffb659d0000 - 0x00007ffb65a6e000 	C:\WINDOWS\System32\msvcrt.dll
0x00007ffb65970000 - 0x00007ffb659c9000 	C:\WINDOWS\System32\sechost.dll
0x00007ffb65c00000 - 0x00007ffb65d21000 	C:\WINDOWS\System32\RPCRT4.dll
0x00007ffb677d0000 - 0x00007ffb67935000 	C:\WINDOWS\System32\USER32.dll
0x00007ffb641a0000 - 0x00007ffb641be000 	C:\WINDOWS\System32\win32u.dll
0x00007ffb65080000 - 0x00007ffb650b4000 	C:\WINDOWS\System32\GDI32.dll
0x00007ffb64ef0000 - 0x00007ffb65072000 	C:\WINDOWS\System32\gdi32full.dll
0x00007ffb5a800000 - 0x00007ffb5aa79000 	C:\WINDOWS\WinSxS\amd64_microsoft.windows.common-controls_6595b64144ccf1df_6.0.14393.447_none_42191651c6827bb3\COMCTL32.dll
0x00007ffb65e00000 - 0x00007ffb660c7000 	C:\WINDOWS\System32\combase.dll
0x00007ffb644f0000 - 0x00007ffb645e5000 	C:\WINDOWS\System32\ucrtbase.dll
0x00007ffb64080000 - 0x00007ffb640ea000 	C:\WINDOWS\System32\bcryptPrimitives.dll
0x00007ffb657e0000 - 0x00007ffb6580e000 	C:\WINDOWS\System32\IMM32.DLL
0x00007ffb63300000 - 0x00007ffb63332000 	C:\WINDOWS\SYSTEM32\ntmarta.dll
0x00007ffb63c20000 - 0x00007ffb63c4c000 	C:\WINDOWS\SYSTEM32\SspiCli.dll
0x0000000060830000 - 0x0000000060901000 	C:\Program Files\Java\jdk1.8.0_102\jre\bin\msvcr100.dll
0x0000000060910000 - 0x00000000611aa000 	C:\Program Files\Java\jdk1.8.0_102\jre\bin\server\jvm.dll
0x00007ffb67ae0000 - 0x00007ffb67ae8000 	C:\WINDOWS\System32\PSAPI.DLL
0x00007ffb61210000 - 0x00007ffb61219000 	C:\WINDOWS\SYSTEM32\WSOCK32.dll
0x00007ffb5c150000 - 0x00007ffb5c15a000 	C:\WINDOWS\SYSTEM32\VERSION.dll
0x00007ffb65d90000 - 0x00007ffb65dfa000 	C:\WINDOWS\System32\WS2_32.dll
0x00007ffb61f30000 - 0x00007ffb61f53000 	C:\WINDOWS\SYSTEM32\WINMM.dll
0x00007ffb61f00000 - 0x00007ffb61f2b000 	C:\WINDOWS\SYSTEM32\WINMMBASE.dll
0x00007ffb641c0000 - 0x00007ffb64202000 	C:\WINDOWS\System32\cfgmgr32.dll
0x0000000061db0000 - 0x0000000061dbf000 	C:\Program Files\Java\jdk1.8.0_102\jre\bin\verify.dll
0x0000000060800000 - 0x0000000060829000 	C:\Program Files\Java\jdk1.8.0_102\jre\bin\java.dll
0x00000000607e0000 - 0x00000000607f6000 	C:\Program Files\Java\jdk1.8.0_102\jre\bin\zip.dll
0x00007ffb660d0000 - 0x00007ffb675d9000 	C:\WINDOWS\System32\SHELL32.dll
0x00007ffb64810000 - 0x00007ffb64eea000 	C:\WINDOWS\System32\windows.storage.dll
0x00007ffb63f90000 - 0x00007ffb63fdc000 	C:\WINDOWS\System32\powrprof.dll
0x00007ffb65780000 - 0x00007ffb657d2000 	C:\WINDOWS\System32\shlwapi.dll
0x00007ffb63f80000 - 0x00007ffb63f8f000 	C:\WINDOWS\System32\kernel.appcore.dll
0x00007ffb643e0000 - 0x00007ffb64489000 	C:\WINDOWS\System32\shcore.dll
0x00007ffb63f60000 - 0x00007ffb63f74000 	C:\WINDOWS\System32\profapi.dll
0x00007ffb40480000 - 0x00007ffb4056f000 	C:\Program Files\Java\jdk1.8.0_102\jre\bin\msvcr120.dll
0x00007ffb3c430000 - 0x00007ffb3c4d6000 	C:\Program Files\Java\jdk1.8.0_102\jre\bin\msvcp120.dll
0x00000000617d0000 - 0x00000000617f2000 	C:\Program Files\Java\jdk1.8.0_102\jre\bin\prism_d3d.dll
0x00007ffb41dc0000 - 0x00007ffb41f4d000 	C:\WINDOWS\system32\d3d9.dll
0x00007ffb61d80000 - 0x00007ffb61da6000 	C:\WINDOWS\SYSTEM32\dwmapi.dll
0x00007ffb62740000 - 0x00007ffb627d5000 	C:\WINDOWS\system32\uxtheme.dll
0x00007ffb2faf0000 - 0x00007ffb3202d000 	C:\WINDOWS\SYSTEM32\igdumdim64.dll
0x00007ffb65a90000 - 0x00007ffb65b4f000 	C:\WINDOWS\System32\OLEAUT32.dll
0x00007ffb63fe0000 - 0x00007ffb6407c000 	C:\WINDOWS\System32\msvcp_win.dll
0x00007ffb67680000 - 0x00007ffb677b7000 	C:\WINDOWS\System32\ole32.dll
0x00007ffb65290000 - 0x00007ffb656b9000 	C:\WINDOWS\System32\SETUPAPI.dll
0x0000000061780000 - 0x00000000617c3000 	C:\Program Files\Java\jdk1.8.0_102\jre\bin\glass.dll
0x00007ffb65190000 - 0x00007ffb6528a000 	C:\WINDOWS\System32\COMDLG32.dll
0x00007ffb65810000 - 0x00007ffb6596b000 	C:\WINDOWS\System32\MSCTF.dll
0x00007ffb5e900000 - 0x00007ffb5f340000 	C:\WINDOWS\SYSTEM32\igdusc64.dll
0x0000000061750000 - 0x0000000061773000 	C:\Program Files\Java\jdk1.8.0_102\jre\bin\javafx_iio.dll
0x0000000061700000 - 0x0000000061714000 	C:\Program Files\Java\jdk1.8.0_102\jre\bin\javafx_font.dll
0x00007ffb53010000 - 0x00007ffb53279000 	C:\WINDOWS\SYSTEM32\dwrite.dll
0x0000000061680000 - 0x00000000616f3000 	C:\Program Files\Java\jdk1.8.0_102\jre\bin\glib-lite.dll
0x000000005f8f0000 - 0x000000005f98c000 	C:\Program Files\Java\jdk1.8.0_102\jre\bin\gstreamer-lite.dll
0x00007ffb3fa60000 - 0x00007ffb3fafb000 	C:\WINDOWS\SYSTEM32\DSOUND.dll
0x000000005f8c0000 - 0x000000005f8e5000 	C:\Program Files\Java\jdk1.8.0_102\jre\bin\jfxmedia.dll
0x00000000607c0000 - 0x00000000607da000 	C:\Program Files\Java\jdk1.8.0_102\jre\bin\net.dll
0x00007ffb63730000 - 0x00007ffb6378c000 	C:\WINDOWS\system32\mswsock.dll
0x00000000607a0000 - 0x00000000607b1000 	C:\Program Files\Java\jdk1.8.0_102\jre\bin\nio.dll
0x000000005f880000 - 0x000000005f8b1000 	C:\Program Files\Java\jdk1.8.0_102\jre\bin\fxplugins.dll
0x00007ffb675e0000 - 0x00007ffb6767f000 	C:\WINDOWS\System32\clbcatq.dll
0x00007ffb5c480000 - 0x00007ffb5c4f1000 	C:\WINDOWS\System32\MMDevApi.dll
0x00007ffb62b60000 - 0x00007ffb62b88000 	C:\WINDOWS\System32\DEVOBJ.dll
0x00007ffb61420000 - 0x00007ffb615a5000 	C:\WINDOWS\System32\PROPSYS.dll
0x00007ffb51780000 - 0x00007ffb51814000 	C:\WINDOWS\SYSTEM32\AUDIOSES.DLL
0x00007ffb60970000 - 0x00007ffb60aa6000 	C:\WINDOWS\SYSTEM32\wintypes.dll
0x00007ffb58d80000 - 0x00007ffb58daa000 	C:\Windows\System32\qasf.dll
0x00007ffb3c1e0000 - 0x00007ffb3c42b000 	C:\Windows\System32\WMVCore.DLL
0x00007ffb59970000 - 0x00007ffb5997a000 	C:\Windows\System32\msdmo.dll
0x00007ffb44e70000 - 0x00007ffb44ebe000 	C:\Windows\System32\WMASF.DLL
0x00007ffb40170000 - 0x00007ffb4029d000 	C:\Windows\System32\mfperfhelper.dll
0x00007ffb581e0000 - 0x00007ffb58348000 	C:\WINDOWS\SYSTEM32\MFPlat.DLL
0x00007ffb58870000 - 0x00007ffb5889e000 	C:\WINDOWS\SYSTEM32\RTWorkQ.DLL
0x00007ffb58d60000 - 0x00007ffb58d7d000 	C:\Windows\System32\mp3dmod.dll
0x00007ffb3c010000 - 0x00007ffb3c1d3000 	C:\Windows\System32\quartz.dll
0x00007ffb63e90000 - 0x00007ffb63ebb000 	C:\Windows\System32\bcrypt.dll
0x00007ffb61630000 - 0x00007ffb617d8000 	C:\WINDOWS\SYSTEM32\WindowsCodecs.dll
0x00007ffb4c510000 - 0x00007ffb4c559000 	C:\WINDOWS\system32\dataexchange.dll
0x00007ffb61f90000 - 0x00007ffb620e1000 	C:\WINDOWS\system32\dcomp.dll
0x00007ffb60d80000 - 0x00007ffb61036000 	C:\WINDOWS\system32\d3d11.dll
0x00007ffb62ee0000 - 0x00007ffb62f7f000 	C:\WINDOWS\system32\dxgi.dll
0x00007ffb628e0000 - 0x00007ffb629fc000 	C:\WINDOWS\system32\twinapi.appcore.dll
0x00007ffb59200000 - 0x00007ffb59232000 	C:\Program Files\Common Files\Microsoft Shared\Ink\rtscom.dll
0x000000005f860000 - 0x000000005f871000 	C:\Program Files\Java\jdk1.8.0_102\jre\bin\prism_common.dll
0x00007ffb5e2d0000 - 0x00007ffb5e82f000 	C:\WINDOWS\SYSTEM32\d2d1.dll
0x00007ffb64210000 - 0x00007ffb643d9000 	C:\WINDOWS\System32\CRYPT32.dll
0x00007ffb63f50000 - 0x00007ffb63f60000 	C:\WINDOWS\System32\MSASN1.dll
0x00007ffb3c6d0000 - 0x00007ffb3c95d000 	C:\WINDOWS\SYSTEM32\D3D10Warp.dll
0x00007ffb60960000 - 0x00007ffb6096b000 	C:\WINDOWS\SYSTEM32\avrt.dll
0x00007ffb3fdc0000 - 0x00007ffb3fe58000 	C:\Program Files\Common Files\microsoft shared\ink\tiptsf.dll
0x00007ffb4e250000 - 0x00007ffb4e292000 	C:\WINDOWS\SYSTEM32\edputil.dll
0x00007ffb4bf70000 - 0x00007ffb4c3f4000 	C:\WINDOWS\system32\explorerframe.dll
0x00007ffb2d1d0000 - 0x00007ffb2d378000 	C:\WINDOWS\system32\DUI70.dll
0x00007ffb40e20000 - 0x00007ffb40eb4000 	C:\WINDOWS\system32\DUser.dll
0x00007ffb4e2a0000 - 0x00007ffb4e2f3000 	C:\Windows\System32\thumbcache.dll
0x00007ffb52d70000 - 0x00007ffb52efa000 	C:\Windows\System32\Windows.Globalization.dll
0x00007ffb5afe0000 - 0x00007ffb5b047000 	C:\Windows\System32\Bcp47Langs.dll
0x00007ffb59600000 - 0x00007ffb5962e000 	C:\WINDOWS\SYSTEM32\globinputhost.dll
0x00007ffb51140000 - 0x00007ffb511e0000 	C:\WINDOWS\System32\StructuredQuery.dll
0x00007ffb50530000 - 0x00007ffb5054b000 	C:\WINDOWS\SYSTEM32\MPR.dll
0x00007ffb4f4a0000 - 0x00007ffb4f4a9000 	C:\WINDOWS\SYSTEM32\atlthunk.dll
0x00007ffb58d40000 - 0x00007ffb58d56000 	C:\WINDOWS\System32\ntlanman.dll
0x00007ffb61de0000 - 0x00007ffb61deb000 	C:\WINDOWS\System32\drprov.dll
0x00007ffb63650000 - 0x00007ffb636a6000 	C:\WINDOWS\System32\WINSTA.dll
0x00007ffb567f0000 - 0x00007ffb56810000 	C:\WINDOWS\System32\davclnt.dll
0x00007ffb5b250000 - 0x00007ffb5b25c000 	C:\WINDOWS\System32\DAVHLPR.dll
0x00007ffb5e050000 - 0x00007ffb5e066000 	C:\WINDOWS\System32\wkscli.dll
0x00007ffb53310000 - 0x00007ffb53322000 	C:\WINDOWS\SYSTEM32\cscapi.dll
0x00007ffb63540000 - 0x00007ffb6354d000 	C:\WINDOWS\System32\netutils.dll
0x00007ffb62500000 - 0x00007ffb6257a000 	C:\WINDOWS\SYSTEM32\apphelp.dll
0x00007ffb33be0000 - 0x00007ffb33c2d000 	C:\Windows\System32\dlnashext.dll
0x00007ffb40340000 - 0x00007ffb403b0000 	C:\Windows\System32\PlayToDevice.dll
0x00007ffb58ed0000 - 0x00007ffb58eee000 	C:\Windows\System32\DevDispItemProvider.dll
0x00007ffb650c0000 - 0x00007ffb6512e000 	C:\WINDOWS\System32\coml2.dll
0x00007ffb5de70000 - 0x00007ffb5df0e000 	C:\Windows\System32\PortableDeviceApi.dll
0x00007ffb4eb50000 - 0x00007ffb4eb60000 	C:\WINDOWS\SYSTEM32\LINKINFO.dll
0x00007ffb64490000 - 0x00007ffb644e5000 	C:\WINDOWS\System32\WINTRUST.dll
0x00007ffb4d900000 - 0x00007ffb4d97d000 	C:\Windows\System32\twinapi.dll
0x00007ffb5ac70000 - 0x00007ffb5afd5000 	C:\Windows\System32\ActXPrxy.dll
0x00007ffb53350000 - 0x00007ffb53375000 	C:\Windows\System32\EhStorAPI.dll
0x00007ffb61400000 - 0x00007ffb61413000 	C:\Windows\System32\WTSAPI32.dll
0x00007ffb421d0000 - 0x00007ffb4229a000 	C:\WINDOWS\system32\Windows.Storage.Search.dll
0x00007ffb4cb50000 - 0x00007ffb4cb86000 	C:\Windows\System32\EhStorShell.dll
0x00007ffb4f4b0000 - 0x00007ffb4f4f4000 	C:\Program Files (x86)\Dropbox\Client\DropboxExt64.3.0.dll

VM Arguments:
jvm_args: -Dfile.encoding=UTF-8 
java_command: C:\Users\User-87\Documents\GitHub\SpaceBeatz\dist\run1378535093\SpaceBeatz.jar
java_class_path (initial): C:\Users\User-87\Documents\GitHub\SpaceBeatz\dist\run1378535093\SpaceBeatz.jar
Launcher Type: SUN_STANDARD

Environment Variables:
PATH=C:\ProgramData\Oracle\Java\javapath;C:\WINDOWS\system32;C:\WINDOWS;C:\WINDOWS\System32\Wbem;C:\WINDOWS\System32\WindowsPowerShell\v1.0\;C:\Users\User-87\.dnx\bin;C:\Program Files\Microsoft DNX\Dnvm\;C:\Program Files (x86)\Windows Kits\8.1\Windows Performance Toolkit\;C:\Program Files\Java\jdk1.8.0_102\bin;C:\Program Files\Java\jdk1.8.0_102\db\lib;C:\Program Files (x86)\NVIDIA Corporation\PhysX\Common;C:\Program Files\Microsoft SQL Server\130\Tools\Binn\;C:\Program Files\Git\cmd;C:\MinGW\msys\1.0\bin;C:\Program Files (x86)\nodejs\;C:\Python27;C:\sqlite;C:\WINDOWS\system32;C:\WINDOWS;C:\WINDOWS\System32\Wbem;C:\WINDOWS\System32\WindowsPowerShell\v1.0\;C:\Program Files (x86)\GtkSharp\2.12\bin;C:\Users\User-87\AppData\Local\Microsoft\WindowsApps;
USERNAME=User-87
OS=Windows_NT
PROCESSOR_IDENTIFIER=Intel64 Family 6 Model 60 Stepping 3, GenuineIntel



---------------  S Y S T E M  ---------------

OS: Windows 10.0 , 64 bit Build 14393 (10.0.14393.0)

CPU:total 4 (2 cores per cpu, 2 threads per core) family 6 model 60 stepping 3, cmov, cx8, fxsr, mmx, sse, sse2, sse3, ssse3, sse4.1, sse4.2, popcnt, avx, avx2, aes, clmul, erms, lzcnt, ht, tsc, tscinvbit, bmi1, bmi2

Memory: 4k page, physical 12500264k(7918912k free), swap 14400808k(8951176k free)

vm_info: Java HotSpot(TM) 64-Bit Server VM (25.102-b14) for windows-amd64 JRE (1.8.0_102-b14), built on Jun 22 2016 13:15:21 by "java_re" with MS VC++ 10.0 (VS2010)

time: Wed Nov 23 19:06:18 2016
elapsed time: 9 seconds (0d 0h 0m 9s)

